{"level":"info","message":"Server corriendo en http://localhost:8080","timestamp":"2024-08-17T12:34:01.512Z"}
{"level":"info","message":"Conectado a la base de datos de MongoDB","timestamp":"2024-08-17T12:34:03.991Z"}
{"level":"info","message":"Server corriendo en http://localhost:8080","timestamp":"2024-08-17T12:37:02.725Z"}
{"level":"info","message":"Conectado a la base de datos de MongoDB","timestamp":"2024-08-17T12:37:05.282Z"}
{"level":"info","message":"Server corriendo en http://localhost:8080","timestamp":"2024-08-17T12:47:28.129Z"}
{"level":"info","message":"Conectado a la base de datos de MongoDB","timestamp":"2024-08-17T12:47:30.715Z"}
{"level":"info","message":"Server corriendo en http://localhost:8080","timestamp":"2024-08-17T12:47:42.263Z"}
{"level":"info","message":"Conectado a la base de datos de MongoDB","timestamp":"2024-08-17T12:47:44.731Z"}
{"level":"info","message":"Server corriendo en http://localhost:8080","timestamp":"2024-08-17T12:48:04.779Z"}
{"level":"info","message":"Server corriendo en http://localhost:8080","timestamp":"2024-08-17T12:49:15.059Z"}
{"level":"info","message":"Conectado a la base de datos de MongoDB","timestamp":"2024-08-17T12:49:17.624Z"}
{"level":"info","message":"Server corriendo en http://localhost:8080","timestamp":"2024-08-18T16:48:48.419Z"}
{"level":"info","message":"Conectado a la base de datos de MongoDB","timestamp":"2024-08-18T16:48:51.092Z"}
{"level":"info","message":"Nuevo carrito creado: 66c2261c0519747a21c9f1d0","timestamp":"2024-08-18T16:49:32.941Z"}
{"level":"info","message":"Carrito con ID 66c2261c0519747a21c9f1d0 eliminado correctamente","timestamp":"2024-08-18T16:49:34.023Z"}
{"level":"warn","message":"Carrito no encontrado: ID 66c2261c0519747a21c9f1d0","timestamp":"2024-08-18T16:49:34.562Z"}
{"level":"info","message":"Nuevo carrito creado: 66c2261e0519747a21c9f1d8","timestamp":"2024-08-18T16:49:34.845Z"}
{"level":"warn","message":"Carrito no encontrado: ID 66c2261c0519747a21c9f1d0","timestamp":"2024-08-18T16:49:35.109Z"}
{"level":"error","message":"Error al intentar obtener el carrito con ID 66c2261f1c6a686551468909","timestamp":"2024-08-18T16:49:35.406Z"}
{"level":"warn","message":"Carrito no encontrado: ID 66c2261c0519747a21c9f1d0","timestamp":"2024-08-18T16:49:35.695Z"}
{"level":"info","message":"Intento de inicio de sesión para el usuario adminCoder@coder.com","timestamp":"2024-08-18T16:49:35.761Z"}
{"level":"info","message":"Usuario adminCoder@coder.com autenticado con éxito","timestamp":"2024-08-18T16:49:36.338Z"}
{"level":"warn","message":"Carrito no encontrado: ID 66c2261c0519747a21c9f1d0","timestamp":"2024-08-18T16:49:36.888Z"}
{"category":"Categoría de ejemplo","code":"PROD1234","description":"Descripción del producto de ejemplo","level":"info","message":"Datos del nuevo producto0o0o0:","owner":"admin","price":100,"status":true,"stock":10,"timestamp":"2024-08-18T16:49:37.171Z","title":"Producto de ejemplo único"}
{"level":"warn","message":"Carrito no encontrado: ID 66c2261c0519747a21c9f1d0","timestamp":"2024-08-18T16:49:38.232Z"}
{"level":"warn","message":"Carrito no encontrado: ID 66c2261c0519747a21c9f1d0","timestamp":"2024-08-18T16:49:39.073Z"}
{"level":"warn","message":"ID de producto inválido","pid":"1234","timestamp":"2024-08-18T16:49:39.077Z"}
{"level":"warn","message":"Carrito no encontrado: ID 66c2261c0519747a21c9f1d0","timestamp":"2024-08-18T16:49:39.638Z"}
{"level":"warn","message":"Carrito no encontrado: ID 66c2261c0519747a21c9f1d0","timestamp":"2024-08-18T16:49:40.418Z"}
{"level":"warn","message":"Carrito no encontrado: ID 66c2261c0519747a21c9f1d0","timestamp":"2024-08-18T16:49:41.488Z"}
{"level":"info","message":"Server corriendo en http://localhost:8080","timestamp":"2024-08-18T16:55:57.479Z"}
{"level":"info","message":"Conectado a la base de datos de MongoDB","timestamp":"2024-08-18T16:55:59.943Z"}
{"level":"info","message":"Acceso a la ruta de login","timestamp":"2024-08-18T16:57:35.895Z"}
{"level":"info","message":"Acceso a la ruta de login","timestamp":"2024-08-18T16:57:36.307Z"}
{"level":"info","message":"Server corriendo en http://localhost:8080","timestamp":"2024-08-18T16:57:53.826Z"}
{"level":"info","message":"Conectado a la base de datos de MongoDB","timestamp":"2024-08-18T16:57:56.392Z"}
{"level":"info","message":"Acceso a la ruta de login","timestamp":"2024-08-18T16:57:57.069Z"}
{"level":"info","message":"Server corriendo en http://localhost:8080","timestamp":"2024-08-18T16:59:11.735Z"}
{"level":"info","message":"Conectado a la base de datos de MongoDB","timestamp":"2024-08-18T16:59:14.366Z"}
{"level":"info","message":"Acceso a la ruta de login","timestamp":"2024-08-18T16:59:15.341Z"}
{"level":"info","message":"Acceso a la ruta de registro","timestamp":"2024-08-18T17:02:24.862Z"}
{"level":"info","message":"Acceso a la ruta de registro","timestamp":"2024-08-18T17:02:25.700Z"}
{"level":"info","message":"Server corriendo en http://localhost:8080","timestamp":"2024-08-18T17:05:09.634Z"}
{"level":"info","message":"Conectado a la base de datos de MongoDB","timestamp":"2024-08-18T17:05:12.212Z"}
{"level":"info","message":"Server corriendo en http://localhost:8080","timestamp":"2024-08-18T17:06:23.254Z"}
{"level":"info","message":"Conectado a la base de datos de MongoDB","timestamp":"2024-08-18T17:06:25.787Z"}
{"level":"info","message":"Server corriendo en http://localhost:8080","timestamp":"2024-08-18T17:06:31.643Z"}
{"level":"info","message":"Conectado a la base de datos de MongoDB","timestamp":"2024-08-18T17:06:34.733Z"}
{"level":"info","message":"Acceso a la ruta de registro","timestamp":"2024-08-18T17:06:35.364Z"}
{"level":"info","message":"Server corriendo en http://localhost:8080","timestamp":"2024-08-18T17:09:21.065Z"}
{"level":"info","message":"Conectado a la base de datos de MongoDB","timestamp":"2024-08-18T17:09:23.739Z"}
{"level":"info","message":"Acceso a la ruta de registro","timestamp":"2024-08-18T17:09:29.434Z"}
{"level":"info","message":"Server corriendo en http://localhost:8080","timestamp":"2024-08-18T17:09:35.300Z"}
{"level":"info","message":"Conectado a la base de datos de MongoDB","timestamp":"2024-08-18T17:09:37.814Z"}
{"level":"info","message":"Server corriendo en http://localhost:8080","timestamp":"2024-08-18T17:11:27.905Z"}
{"level":"info","message":"Conectado a la base de datos de MongoDB","timestamp":"2024-08-18T17:11:30.429Z"}
{"level":"info","message":"Acceso a la ruta de registro","timestamp":"2024-08-18T17:11:31.994Z"}
{"level":"info","message":"Server corriendo en http://localhost:8080","timestamp":"2024-08-18T17:11:40.154Z"}
{"level":"info","message":"Conectado a la base de datos de MongoDB","timestamp":"2024-08-18T17:11:42.724Z"}
{"level":"info","message":"Server corriendo en http://localhost:8080","timestamp":"2024-08-18T17:12:04.910Z"}
{"level":"info","message":"Conectado a la base de datos de MongoDB","timestamp":"2024-08-18T17:12:07.381Z"}
{"level":"info","message":"Acceso a la ruta de registro","timestamp":"2024-08-18T17:12:09.913Z"}
{"level":"info","message":"Acceso a la ruta de login","timestamp":"2024-08-18T17:42:39.301Z"}
{"level":"info","message":"Intento de inicio de sesión para el usuario lili@lili","timestamp":"2024-08-18T17:42:44.711Z"}
{"error":"validaPassword is not defined","level":"error","message":"Error durante el inicio de sesión para el usuario lili@lili","timestamp":"2024-08-18T17:42:45.264Z"}
{"level":"info","message":"Intento de inicio de sesión para el usuario lili@lili","timestamp":"2024-08-18T17:42:53.216Z"}
{"error":"validaPassword is not defined","level":"error","message":"Error durante el inicio de sesión para el usuario lili@lili","timestamp":"2024-08-18T17:42:53.766Z"}
{"level":"info","message":"Intento de inicio de sesión para el usuario lili@lili","timestamp":"2024-08-18T17:43:21.479Z"}
{"error":"validaPassword is not defined","level":"error","message":"Error durante el inicio de sesión para el usuario lili@lili","timestamp":"2024-08-18T17:43:22.026Z"}
{"level":"info","message":"Server corriendo en http://localhost:8080","timestamp":"2024-08-18T17:45:18.038Z"}
{"level":"info","message":"Conectado a la base de datos de MongoDB","timestamp":"2024-08-18T17:45:20.571Z"}
{"level":"info","message":"Intento de inicio de sesión para el usuario lili@lili","timestamp":"2024-08-18T17:45:29.812Z"}
{"level":"info","message":"Usuario lili@lili autenticado con éxito","timestamp":"2024-08-18T17:45:30.413Z"}
{"level":"info","message":"Página de inicio cargada con éxito","timestamp":"2024-08-18T17:45:30.689Z","usuario":"lili@lili"}
{"level":"info","message":"Acceso a la ruta de perfil para el usuario lili@lili","timestamp":"2024-08-18T17:45:34.336Z"}
{"level":"info","message":"Acceso autorizado para usuario con rol: premium","timestamp":"2024-08-18T17:45:35.867Z"}
{"level":"info","message":"Página de inicio cargada con éxito","timestamp":"2024-08-18T17:45:37.365Z","usuario":"lili@lili"}
{"level":"info","message":"Producto añadido al carrito: 667f1b3a877f4172e11e00e0","timestamp":"2024-08-18T17:45:42.932Z"}
{"level":"error","message":"Error en el servidor al procesar la solicitud: Cast to embedded failed for value \"{\n  product: new ObjectId('667f1b3a877f4172e11e00e0'),\n  _id: new ObjectId('66c0199f7dabf399485b4c05'),\n  quantity: NaN\n}\" (type Object) at path \"products\" because of \"CastError\"","timestamp":"2024-08-18T17:45:42.954Z"}
{"cid":"667df4fce16135a87bb44e43","level":"info","message":"Solicitud recibida para obtener carrito","timestamp":"2024-08-18T17:45:46.447Z"}
{"cid":"667df4fce16135a87bb44e43","level":"info","message":"Carrito encontrado y productos obtenidos","productCount":4,"timestamp":"2024-08-18T17:45:46.965Z"}
{"level":"info","message":"Página de inicio cargada con éxito","timestamp":"2024-08-18T17:45:51.084Z","usuario":"lili@lili"}
{"level":"info","message":"Producto añadido al carrito: 667f1b3a877f4172e11e00e0","timestamp":"2024-08-18T17:45:57.325Z"}
{"level":"error","message":"Error en el servidor al procesar la solicitud: Cast to embedded failed for value \"{\n  product: new ObjectId('667f1b3a877f4172e11e00e0'),\n  _id: new ObjectId('66c0199f7dabf399485b4c05'),\n  quantity: NaN\n}\" (type Object) at path \"products\" because of \"CastError\"","timestamp":"2024-08-18T17:45:57.327Z"}
{"level":"info","message":"Producto añadido al carrito: 667f1b3a877f4172e11e00e0","timestamp":"2024-08-18T17:45:59.592Z"}
{"level":"error","message":"Error en el servidor al procesar la solicitud: Cast to embedded failed for value \"{\n  product: new ObjectId('667f1b3a877f4172e11e00e0'),\n  _id: new ObjectId('66c0199f7dabf399485b4c05'),\n  quantity: NaN\n}\" (type Object) at path \"products\" because of \"CastError\"","timestamp":"2024-08-18T17:45:59.594Z"}
{"level":"info","message":"Producto añadido al carrito: 667f1b3a877f4172e11e00e0","timestamp":"2024-08-18T17:46:00.687Z"}
{"level":"error","message":"Error en el servidor al procesar la solicitud: Cast to embedded failed for value \"{\n  product: new ObjectId('667f1b3a877f4172e11e00e0'),\n  _id: new ObjectId('66c0199f7dabf399485b4c05'),\n  quantity: NaN\n}\" (type Object) at path \"products\" because of \"CastError\"","timestamp":"2024-08-18T17:46:00.689Z"}
{"cid":"667df4fce16135a87bb44e43","level":"info","message":"Solicitud recibida para obtener carrito","timestamp":"2024-08-18T17:46:06.537Z"}
{"cid":"667df4fce16135a87bb44e43","level":"info","message":"Carrito encontrado y productos obtenidos","productCount":4,"timestamp":"2024-08-18T17:46:07.078Z"}
{"level":"info","message":"Intento de inicio de sesión para el usuario lili@lili","timestamp":"2024-08-18T17:47:02.084Z"}
{"level":"info","message":"Usuario lili@lili autenticado con éxito","timestamp":"2024-08-18T17:47:02.663Z"}
{"level":"warn","message":"Producto sin stock suficiente añadido: id=667f1b3a877f4172e11e00e0, cantidad=undefined","timestamp":"2024-08-18T17:47:05.773Z"}
{"level":"info","message":"Producto con stock suficiente añadido: id=667f1d7a877f4172e11e0105, cantidad=1","timestamp":"2024-08-18T17:47:06.309Z"}
{"level":"info","message":"Producto con stock suficiente añadido: id=66806d4017f0cfa2181474e1, cantidad=1","timestamp":"2024-08-18T17:47:06.832Z"}
{"level":"error","message":"Error procesando compra: Cannot read properties of null (reading '_id')","timestamp":"2024-08-18T17:47:06.833Z"}
{"cid":"667df4fce16135a87bb44e43","level":"info","message":"Solicitud recibida para obtener carrito","timestamp":"2024-08-18T17:47:08.194Z"}
{"cid":"667df4fce16135a87bb44e43","level":"info","message":"Carrito encontrado y productos obtenidos","productCount":4,"timestamp":"2024-08-18T17:47:08.737Z"}
{"cid":"667df4fce16135a87bb44e43","level":"info","message":"Solicitud recibida para obtener carrito","timestamp":"2024-08-18T17:47:10.821Z"}
{"cid":"667df4fce16135a87bb44e43","level":"info","message":"Carrito encontrado y productos obtenidos","productCount":4,"timestamp":"2024-08-18T17:47:11.348Z"}
{"level":"warn","message":"Producto sin stock suficiente añadido: id=667f1b3a877f4172e11e00e0, cantidad=undefined","timestamp":"2024-08-18T17:47:20.725Z"}
{"level":"info","message":"Producto con stock suficiente añadido: id=667f1d7a877f4172e11e0105, cantidad=1","timestamp":"2024-08-18T17:47:21.261Z"}
{"level":"info","message":"Producto con stock suficiente añadido: id=66806d4017f0cfa2181474e1, cantidad=1","timestamp":"2024-08-18T17:47:21.783Z"}
{"level":"error","message":"Error procesando compra: Cannot read properties of null (reading '_id')","timestamp":"2024-08-18T17:47:21.783Z"}
{"cid":"667df4fce16135a87bb44e43","level":"info","message":"Solicitud recibida para obtener carrito","timestamp":"2024-08-18T17:48:24.635Z"}
{"cid":"667df4fce16135a87bb44e43","level":"info","message":"Carrito encontrado y productos obtenidos","productCount":4,"timestamp":"2024-08-18T17:48:25.167Z"}
{"cid":"667df4fce16135a87bb44e43","level":"info","message":"Solicitud recibida para obtener carrito","timestamp":"2024-08-18T17:49:47.854Z"}
{"cid":"667df4fce16135a87bb44e43","level":"info","message":"Carrito encontrado y productos obtenidos","productCount":0,"timestamp":"2024-08-18T17:49:48.148Z"}
{"level":"info","message":"Página de inicio cargada con éxito","timestamp":"2024-08-18T17:49:50.789Z","usuario":"lili@lili"}
{"level":"info","message":"Producto añadido al carrito: 667f1b3a877f4172e11e00e0","timestamp":"2024-08-18T17:49:52.778Z"}
{"cid":"667df4fce16135a87bb44e43","level":"info","message":"Solicitud recibida para obtener carrito","timestamp":"2024-08-18T17:49:54.676Z"}
{"cid":"667df4fce16135a87bb44e43","level":"info","message":"Carrito encontrado y productos obtenidos","productCount":1,"timestamp":"2024-08-18T17:49:55.228Z"}
{"level":"info","message":"Producto con stock suficiente añadido: id=667f1b3a877f4172e11e00e0, cantidad=1","timestamp":"2024-08-18T17:50:01.199Z"}
{"level":"info","message":"Productos para facturar: [{\"product\":{\"owner\":\"admin\",\"_id\":\"667f1b3a877f4172e11e00e0\",\"title\":\"Camara Logic\",\"description\":\"HD 1080p\",\"price\":900000,\"stock\":15,\"thumbnail\":\"https://i.ibb.co/wJpjZ94/camaraHD.png\",\"code\":\"asc3\",\"category\":\"Accesorios PC\",\"status\":true,\"__v\":0},\"quantity\":1,\"_id\":\"66c2344013077cf1fc78fe80\"}]","timestamp":"2024-08-18T17:50:01.200Z"}
{"level":"info","message":"Productos sin stock restantes: []","timestamp":"2024-08-18T17:50:01.201Z"}
{"level":"info","message":"Total a pagar: 900000","timestamp":"2024-08-18T17:50:01.201Z"}
{"level":"info","message":"Cantidades por unidad: {\"667f1b3a877f4172e11e00e0\":1}","timestamp":"2024-08-18T17:50:01.201Z"}
{"level":"info","message":"Datos de compra: {\"purchaser\":\"lili@lili\",\"code\":9366,\"amount\":900000,\"products\":[{\"product\":\"667f1b3a877f4172e11e00e0\",\"quantity\":1}],\"purchase_datetime\":1724003401482}","timestamp":"2024-08-18T17:50:04.092Z"}
{"level":"info","message":"Ticket creado: {\"code\":\"9366\",\"amount\":900000,\"purchaser\":\"lili@lili\",\"products\":[{\"product\":\"667f1b3a877f4172e11e00e0\",\"quantity\":1}],\"_id\":\"66c2344c13077cf1fc78fe8a\",\"purchase_dateTime\":\"2024-08-18T17:50:04.095Z\",\"createdAt\":\"2024-08-18T17:50:04.097Z\",\"updatedAt\":\"2024-08-18T17:50:04.097Z\",\"__v\":0}","timestamp":"2024-08-18T17:50:04.364Z"}
{"level":"info","message":"Página de inicio cargada con éxito","timestamp":"2024-08-18T17:50:07.257Z","usuario":"lili@lili"}
{"level":"info","message":"Producto añadido al carrito: 667f1b3a877f4172e11e00e0","timestamp":"2024-08-18T17:50:09.507Z"}
{"level":"info","message":"Producto añadido al carrito: 667f1b3a877f4172e11e00e0","timestamp":"2024-08-18T17:50:12.216Z"}
{"level":"info","message":"Producto añadido al carrito: 667f1b3a877f4172e11e00e0","timestamp":"2024-08-18T17:50:15.886Z"}
{"cid":"667df4fce16135a87bb44e43","level":"info","message":"Solicitud recibida para obtener carrito","timestamp":"2024-08-18T17:50:18.395Z"}
{"cid":"667df4fce16135a87bb44e43","level":"info","message":"Carrito encontrado y productos obtenidos","productCount":1,"timestamp":"2024-08-18T17:50:18.918Z"}
{"cid":"667df4fce16135a87bb44e43","level":"info","message":"Solicitud recibida para obtener carrito","timestamp":"2024-08-18T17:50:21.253Z"}
{"cid":"667df4fce16135a87bb44e43","level":"info","message":"Carrito encontrado y productos obtenidos","productCount":1,"timestamp":"2024-08-18T17:50:21.775Z"}
{"level":"info","message":"Producto con stock suficiente añadido: id=667f1b3a877f4172e11e00e0, cantidad=3","timestamp":"2024-08-18T17:50:24.186Z"}
{"level":"info","message":"Productos para facturar: [{\"product\":{\"owner\":\"admin\",\"_id\":\"667f1b3a877f4172e11e00e0\",\"title\":\"Camara Logic\",\"description\":\"HD 1080p\",\"price\":900000,\"stock\":14,\"thumbnail\":\"https://i.ibb.co/wJpjZ94/camaraHD.png\",\"code\":\"asc3\",\"category\":\"Accesorios PC\",\"status\":true,\"__v\":0},\"quantity\":3,\"_id\":\"66c2345113077cf1fc78fe90\"}]","timestamp":"2024-08-18T17:50:24.186Z"}
{"level":"info","message":"Productos sin stock restantes: []","timestamp":"2024-08-18T17:50:24.187Z"}
{"level":"info","message":"Total a pagar: 2700000","timestamp":"2024-08-18T17:50:24.187Z"}
{"level":"info","message":"Cantidades por unidad: {\"667f1b3a877f4172e11e00e0\":3}","timestamp":"2024-08-18T17:50:24.187Z"}
{"level":"info","message":"Datos de compra: {\"purchaser\":\"lili@lili\",\"code\":3033,\"amount\":2700000,\"products\":[{\"product\":\"667f1b3a877f4172e11e00e0\",\"quantity\":3}],\"purchase_datetime\":1724003424476}","timestamp":"2024-08-18T17:50:26.992Z"}
{"level":"info","message":"Ticket creado: {\"code\":\"3033\",\"amount\":2700000,\"purchaser\":\"lili@lili\",\"products\":[{\"product\":\"667f1b3a877f4172e11e00e0\",\"quantity\":3}],\"_id\":\"66c2346213077cf1fc78fea4\",\"purchase_dateTime\":\"2024-08-18T17:50:26.993Z\",\"createdAt\":\"2024-08-18T17:50:26.994Z\",\"updatedAt\":\"2024-08-18T17:50:26.994Z\",\"__v\":0}","timestamp":"2024-08-18T17:50:27.260Z"}
{"cid":"667df4fce16135a87bb44e43","level":"info","message":"Solicitud recibida para obtener carrito","timestamp":"2024-08-18T17:51:21.346Z"}
{"cid":"667df4fce16135a87bb44e43","level":"info","message":"Carrito encontrado y productos obtenidos","productCount":0,"timestamp":"2024-08-18T17:51:21.617Z"}
{"level":"info","message":"Página de inicio cargada con éxito","timestamp":"2024-08-18T17:51:24.233Z","usuario":"lili@lili"}
{"level":"info","message":"Producto añadido al carrito: 667f1b3a877f4172e11e00e0","timestamp":"2024-08-18T17:51:26.002Z"}
{"level":"info","message":"Producto añadido al carrito: 667f1b3a877f4172e11e00e0","timestamp":"2024-08-18T17:51:28.927Z"}
{"level":"info","message":"Producto añadido al carrito: 667f1b3a877f4172e11e00e0","timestamp":"2024-08-18T17:51:31.832Z"}
{"level":"info","message":"Producto añadido al carrito: 667f1b3a877f4172e11e00e0","timestamp":"2024-08-18T17:51:33.986Z"}
{"level":"info","message":"Producto añadido al carrito: 667f1b3a877f4172e11e00e0","timestamp":"2024-08-18T17:51:36.188Z"}
{"level":"info","message":"Producto añadido al carrito: 667f1b3a877f4172e11e00e0","timestamp":"2024-08-18T17:51:38.458Z"}
{"level":"info","message":"Producto añadido al carrito: 667f1b3a877f4172e11e00e0","timestamp":"2024-08-18T17:51:41.274Z"}
{"cid":"667df4fce16135a87bb44e43","level":"info","message":"Solicitud recibida para obtener carrito","timestamp":"2024-08-18T17:51:43.599Z"}
{"cid":"667df4fce16135a87bb44e43","level":"info","message":"Carrito encontrado y productos obtenidos","productCount":1,"timestamp":"2024-08-18T17:51:44.143Z"}
{"level":"info","message":"Página de inicio cargada con éxito","timestamp":"2024-08-18T17:51:45.600Z","usuario":"lili@lili"}
{"level":"info","message":"Producto añadido al carrito: 667f1b3a877f4172e11e00e0","timestamp":"2024-08-18T17:51:48.183Z"}
{"level":"info","message":"Producto añadido al carrito: 667f1b3a877f4172e11e00e0","timestamp":"2024-08-18T17:51:50.328Z"}
{"level":"info","message":"Producto añadido al carrito: 667f1b3a877f4172e11e00e0","timestamp":"2024-08-18T17:51:53.364Z"}
{"cid":"667df4fce16135a87bb44e43","level":"info","message":"Solicitud recibida para obtener carrito","timestamp":"2024-08-18T17:51:54.764Z"}
{"cid":"667df4fce16135a87bb44e43","level":"info","message":"Carrito encontrado y productos obtenidos","productCount":1,"timestamp":"2024-08-18T17:51:55.292Z"}
{"level":"info","message":"Producto con stock suficiente añadido: id=667f1b3a877f4172e11e00e0, cantidad=10","timestamp":"2024-08-18T17:51:58.221Z"}
{"level":"info","message":"Productos para facturar: [{\"product\":{\"owner\":\"admin\",\"_id\":\"667f1b3a877f4172e11e00e0\",\"title\":\"Camara Logic\",\"description\":\"HD 1080p\",\"price\":900000,\"stock\":11,\"thumbnail\":\"https://i.ibb.co/wJpjZ94/camaraHD.png\",\"code\":\"asc3\",\"category\":\"Accesorios PC\",\"status\":true,\"__v\":0},\"quantity\":10,\"_id\":\"66c2349e13077cf1fc78feab\"}]","timestamp":"2024-08-18T17:51:58.221Z"}
{"level":"info","message":"Productos sin stock restantes: []","timestamp":"2024-08-18T17:51:58.222Z"}
{"level":"info","message":"Total a pagar: 9000000","timestamp":"2024-08-18T17:51:58.222Z"}
{"level":"info","message":"Cantidades por unidad: {\"667f1b3a877f4172e11e00e0\":10}","timestamp":"2024-08-18T17:51:58.222Z"}
{"level":"info","message":"Datos de compra: {\"purchaser\":\"lili@lili\",\"code\":5655,\"amount\":9000000,\"products\":[{\"product\":\"667f1b3a877f4172e11e00e0\",\"quantity\":10}],\"purchase_datetime\":1724003518480}","timestamp":"2024-08-18T17:52:00.349Z"}
{"level":"info","message":"Ticket creado: {\"code\":\"5655\",\"amount\":9000000,\"purchaser\":\"lili@lili\",\"products\":[{\"product\":\"667f1b3a877f4172e11e00e0\",\"quantity\":10}],\"_id\":\"66c234c013077cf1fc78fedd\",\"purchase_dateTime\":\"2024-08-18T17:52:00.350Z\",\"createdAt\":\"2024-08-18T17:52:00.350Z\",\"updatedAt\":\"2024-08-18T17:52:00.350Z\",\"__v\":0}","timestamp":"2024-08-18T17:52:00.610Z"}
{"cid":"667df4fce16135a87bb44e43","level":"info","message":"Solicitud recibida para obtener carrito","timestamp":"2024-08-18T17:52:04.060Z"}
{"cid":"667df4fce16135a87bb44e43","level":"info","message":"Carrito encontrado y productos obtenidos","productCount":0,"timestamp":"2024-08-18T17:52:04.315Z"}
{"level":"info","message":"Página de inicio cargada con éxito","timestamp":"2024-08-18T17:52:05.573Z","usuario":"lili@lili"}
{"level":"info","message":"Producto añadido al carrito: 667f1b3a877f4172e11e00e0","timestamp":"2024-08-18T17:52:09.097Z"}
{"cid":"667df4fce16135a87bb44e43","level":"info","message":"Solicitud recibida para obtener carrito","timestamp":"2024-08-18T17:52:12.791Z"}
{"cid":"667df4fce16135a87bb44e43","level":"info","message":"Carrito encontrado y productos obtenidos","productCount":1,"timestamp":"2024-08-18T17:52:13.311Z"}
{"level":"info","message":"Página de inicio cargada con éxito","timestamp":"2024-08-18T17:52:18.002Z","usuario":"lili@lili"}
{"level":"info","message":"Producto añadido al carrito: 667f1b3a877f4172e11e00e0","timestamp":"2024-08-18T17:52:19.640Z"}
{"cid":"667df4fce16135a87bb44e43","level":"info","message":"Solicitud recibida para obtener carrito","timestamp":"2024-08-18T17:52:23.413Z"}
{"cid":"667df4fce16135a87bb44e43","level":"info","message":"Carrito encontrado y productos obtenidos","productCount":1,"timestamp":"2024-08-18T17:52:23.917Z"}
{"level":"warn","message":"Producto sin stock suficiente añadido: id=667f1b3a877f4172e11e00e0, cantidad=2","timestamp":"2024-08-18T17:52:27.110Z"}
{"level":"info","message":"Productos para facturar: []","timestamp":"2024-08-18T17:52:27.111Z"}
{"level":"info","message":"Productos sin stock restantes: [{\"product\":{\"owner\":\"admin\",\"_id\":\"667f1b3a877f4172e11e00e0\",\"title\":\"Camara Logic\",\"description\":\"HD 1080p\",\"price\":900000,\"stock\":1,\"thumbnail\":\"https://i.ibb.co/wJpjZ94/camaraHD.png\",\"code\":\"asc3\",\"category\":\"Accesorios PC\",\"status\":true,\"__v\":0},\"quantity\":2,\"_id\":\"66c234c913077cf1fc78fee4\"}]","timestamp":"2024-08-18T17:52:27.112Z"}
{"level":"info","message":"Total a pagar: 0","timestamp":"2024-08-18T17:52:27.112Z"}
{"level":"info","message":"Cantidades por unidad: {}","timestamp":"2024-08-18T17:52:27.112Z"}
{"level":"info","message":"Datos de compra: {\"purchaser\":\"lili@lili\",\"code\":24050,\"amount\":0,\"products\":[],\"purchase_datetime\":1724003547372}","timestamp":"2024-08-18T17:52:29.876Z"}
{"level":"info","message":"Ticket creado: {\"code\":\"24050\",\"amount\":0,\"purchaser\":\"lili@lili\",\"products\":[],\"_id\":\"66c234dd13077cf1fc78fef6\",\"purchase_dateTime\":\"2024-08-18T17:52:29.877Z\",\"createdAt\":\"2024-08-18T17:52:29.877Z\",\"updatedAt\":\"2024-08-18T17:52:29.877Z\",\"__v\":0}","timestamp":"2024-08-18T17:52:30.148Z"}
{"level":"info","message":"Página de inicio cargada con éxito","timestamp":"2024-08-18T17:52:38.889Z","usuario":"lili@lili"}
{"cid":"667df4fce16135a87bb44e43","level":"info","message":"Solicitud recibida para obtener carrito","timestamp":"2024-08-18T17:52:40.224Z"}
{"cid":"667df4fce16135a87bb44e43","level":"info","message":"Carrito encontrado y productos obtenidos","productCount":1,"timestamp":"2024-08-18T17:52:40.750Z"}
{"level":"info","message":"Página de inicio cargada con éxito","timestamp":"2024-08-18T17:52:43.177Z","usuario":"lili@lili"}
{"level":"info","message":"Página de inicio cargada con éxito","timestamp":"2024-08-18T17:52:51.388Z","usuario":"lili@lili"}
{"level":"warn","message":"Producto sin stock suficiente añadido: id=667f1b3a877f4172e11e00e0, cantidad=2","timestamp":"2024-08-18T17:53:01.380Z"}
{"level":"info","message":"Productos para facturar: []","timestamp":"2024-08-18T17:53:01.381Z"}
{"level":"info","message":"Productos sin stock restantes: [{\"product\":{\"owner\":\"admin\",\"_id\":\"667f1b3a877f4172e11e00e0\",\"title\":\"Camara Logic\",\"description\":\"HD 1080p\",\"price\":900000,\"stock\":1,\"thumbnail\":\"https://i.ibb.co/wJpjZ94/camaraHD.png\",\"code\":\"asc3\",\"category\":\"Accesorios PC\",\"status\":true,\"__v\":0},\"quantity\":2,\"_id\":\"66c234c913077cf1fc78fee4\"}]","timestamp":"2024-08-18T17:53:01.381Z"}
{"level":"info","message":"Total a pagar: 0","timestamp":"2024-08-18T17:53:01.381Z"}
{"level":"info","message":"Cantidades por unidad: {}","timestamp":"2024-08-18T17:53:01.382Z"}
{"level":"info","message":"Datos de compra: {\"purchaser\":\"lili@lili\",\"code\":97806,\"amount\":0,\"products\":[],\"purchase_datetime\":1724003581657}","timestamp":"2024-08-18T17:53:04.146Z"}
{"level":"info","message":"Ticket creado: {\"code\":\"97806\",\"amount\":0,\"purchaser\":\"lili@lili\",\"products\":[],\"_id\":\"66c2350013077cf1fc78ff06\",\"purchase_dateTime\":\"2024-08-18T17:53:04.147Z\",\"createdAt\":\"2024-08-18T17:53:04.147Z\",\"updatedAt\":\"2024-08-18T17:53:04.147Z\",\"__v\":0}","timestamp":"2024-08-18T17:53:04.414Z"}
{"level":"info","message":"Página de inicio cargada con éxito","timestamp":"2024-08-18T17:57:13.709Z","usuario":"lili@lili"}
{"level":"info","message":"Producto añadido al carrito: 667f1b3a877f4172e11e00e0","timestamp":"2024-08-18T17:57:15.585Z"}
{"level":"info","message":"Producto añadido al carrito: 667f1b3a877f4172e11e00e0","timestamp":"2024-08-18T17:57:36.686Z"}
{"level":"info","message":"Producto añadido al carrito: 667f1b3a877f4172e11e00e0","timestamp":"2024-08-18T17:57:39.876Z"}
{"level":"warn","message":"Producto sin stock suficiente añadido: id=667f1b3a877f4172e11e00e0, cantidad=5","timestamp":"2024-08-18T17:57:44.931Z"}
{"level":"info","message":"Productos para facturar: []","timestamp":"2024-08-18T17:57:44.932Z"}
{"level":"info","message":"Productos sin stock restantes: [{\"product\":{\"owner\":\"admin\",\"_id\":\"667f1b3a877f4172e11e00e0\",\"title\":\"Camara Logic\",\"description\":\"HD 1080p\",\"price\":900000,\"stock\":1,\"thumbnail\":\"https://i.ibb.co/wJpjZ94/camaraHD.png\",\"code\":\"asc3\",\"category\":\"Accesorios PC\",\"status\":true,\"__v\":0},\"quantity\":5,\"_id\":\"66c234c913077cf1fc78fee4\"}]","timestamp":"2024-08-18T17:57:44.932Z"}
{"level":"info","message":"Total a pagar: 0","timestamp":"2024-08-18T17:57:44.932Z"}
{"level":"info","message":"Cantidades por unidad: {}","timestamp":"2024-08-18T17:57:44.933Z"}
{"level":"info","message":"Datos de compra: {\"purchaser\":\"lili@lili\",\"code\":58219,\"amount\":0,\"products\":[],\"purchase_datetime\":1724003865200}","timestamp":"2024-08-18T17:57:47.111Z"}
{"level":"info","message":"Ticket creado: {\"code\":\"58219\",\"amount\":0,\"purchaser\":\"lili@lili\",\"products\":[],\"_id\":\"66c2361b13077cf1fc78ff1c\",\"purchase_dateTime\":\"2024-08-18T17:57:47.111Z\",\"createdAt\":\"2024-08-18T17:57:47.112Z\",\"updatedAt\":\"2024-08-18T17:57:47.112Z\",\"__v\":0}","timestamp":"2024-08-18T17:57:47.389Z"}
{"level":"info","message":"Server corriendo en http://localhost:8080","timestamp":"2024-08-18T18:23:34.535Z"}
{"level":"info","message":"Conectado a la base de datos de MongoDB","timestamp":"2024-08-18T18:23:37.879Z"}
{"level":"info","message":"Producto añadido al carrito: 667f1b3a877f4172e11e00e0","timestamp":"2024-08-18T18:23:41.370Z"}
{"level":"info","message":"Producto añadido al carrito: 667f1b3a877f4172e11e00e0","timestamp":"2024-08-18T18:23:43.123Z"}
{"level":"warn","message":"Producto sin stock suficiente añadido: id=667f1b3a877f4172e11e00e0, cantidad=7","timestamp":"2024-08-18T18:23:46.171Z"}
{"level":"warn","message":"Compra abortada: no hay productos con stock suficiente","timestamp":"2024-08-18T18:23:46.172Z"}
{"cid":"667df4fce16135a87bb44e43","level":"info","message":"Solicitud recibida para obtener carrito","timestamp":"2024-08-18T18:23:59.444Z"}
{"cid":"667df4fce16135a87bb44e43","level":"info","message":"Carrito encontrado y productos obtenidos","productCount":1,"timestamp":"2024-08-18T18:23:59.972Z"}
{"level":"info","message":"Server corriendo en http://localhost:8080","timestamp":"2024-08-18T18:28:04.033Z"}
{"level":"info","message":"Conectado a la base de datos de MongoDB","timestamp":"2024-08-18T18:28:06.633Z"}
{"level":"info","message":"Página de inicio cargada con éxito","timestamp":"2024-08-18T18:28:22.315Z","usuario":"lili@lili"}
{"cid":"667df4fce16135a87bb44e43","level":"info","message":"Solicitud recibida para obtener carrito","timestamp":"2024-08-18T18:28:26.316Z"}
{"cid":"667df4fce16135a87bb44e43","level":"info","message":"Carrito encontrado y productos obtenidos","productCount":1,"timestamp":"2024-08-18T18:28:26.867Z"}
{"level":"warn","message":"Producto sin stock suficiente añadido: id=667f1b3a877f4172e11e00e0, cantidad=7","timestamp":"2024-08-18T18:28:30.076Z"}
{"level":"warn","message":"Compra abortada: no hay productos con stock suficiente","timestamp":"2024-08-18T18:28:30.077Z"}
{"level":"info","message":"Página de inicio cargada con éxito","timestamp":"2024-08-18T18:28:33.049Z","usuario":"lili@lili"}
{"level":"info","message":"Producto añadido al carrito: 667f1d7a877f4172e11e0105","timestamp":"2024-08-18T18:28:44.782Z"}
{"level":"warn","message":"Producto sin stock suficiente añadido: id=667f1b3a877f4172e11e00e0, cantidad=7","timestamp":"2024-08-18T18:28:47.679Z"}
{"level":"info","message":"Producto con stock suficiente añadido: id=667f1d7a877f4172e11e0105, cantidad=1","timestamp":"2024-08-18T18:28:48.224Z"}
{"level":"info","message":"Productos para facturar: [{\"product\":{\"owner\":\"admin\",\"_id\":\"667f1d7a877f4172e11e0105\",\"title\":\"Notebook Samsung\",\"description\":\"15\\\" pulgadas, 16RAM, 250GB SSD\",\"price\":1220000,\"stock\":4995,\"thumbnail\":\"https://i.ibb.co/Np2B6Sy/nootbook.png\",\"code\":\"tec1\",\"category\":\"Tecnologia\",\"status\":true,\"__v\":0},\"quantity\":1,\"_id\":\"66c23d5c592b5c250c031f38\"}]","timestamp":"2024-08-18T18:28:48.225Z"}
{"level":"info","message":"Productos sin stock restantes: [{\"product\":{\"owner\":\"admin\",\"_id\":\"667f1b3a877f4172e11e00e0\",\"title\":\"Camara Logic\",\"description\":\"HD 1080p\",\"price\":900000,\"stock\":1,\"thumbnail\":\"https://i.ibb.co/wJpjZ94/camaraHD.png\",\"code\":\"asc3\",\"category\":\"Accesorios PC\",\"status\":true,\"__v\":0},\"quantity\":7,\"_id\":\"66c234c913077cf1fc78fee4\"}]","timestamp":"2024-08-18T18:28:48.225Z"}
{"level":"info","message":"Datos de compra: {\"purchaser\":\"lili@lili\",\"code\":82328,\"amount\":1220000,\"products\":[{\"product\":\"667f1d7a877f4172e11e0105\",\"quantity\":1}],\"purchase_datetime\":1724005728497}","timestamp":"2024-08-18T18:28:50.949Z"}
{"level":"info","message":"Ticket creado: {\"code\":\"82328\",\"amount\":1220000,\"purchaser\":\"lili@lili\",\"products\":[{\"product\":\"667f1d7a877f4172e11e0105\",\"quantity\":1}],\"_id\":\"66c23d62592b5c250c031f43\",\"purchase_dateTime\":\"2024-08-18T18:28:50.951Z\",\"createdAt\":\"2024-08-18T18:28:50.954Z\",\"updatedAt\":\"2024-08-18T18:28:50.954Z\",\"__v\":0}","timestamp":"2024-08-18T18:28:51.237Z"}
{"cid":"667df4fce16135a87bb44e43","level":"info","message":"Solicitud recibida para obtener carrito","timestamp":"2024-08-18T18:29:01.755Z"}
{"cid":"667df4fce16135a87bb44e43","level":"info","message":"Carrito encontrado y productos obtenidos","productCount":1,"timestamp":"2024-08-18T18:29:02.306Z"}
{"level":"info","message":"Página de inicio cargada con éxito","timestamp":"2024-08-18T18:29:19.739Z","usuario":"lili@lili"}
{"level":"info","message":"Cantidad del producto con ID 667f1b3a877f4172e11e00e0 reducida en el carrito con ID 667df4fce16135a87bb44e43","timestamp":"2024-08-18T18:29:38.486Z"}
{"cid":"667df4fce16135a87bb44e43","level":"info","message":"Solicitud recibida para obtener carrito","timestamp":"2024-08-18T18:29:39.871Z"}
{"cid":"667df4fce16135a87bb44e43","level":"info","message":"Carrito encontrado y productos obtenidos","productCount":1,"timestamp":"2024-08-18T18:29:40.403Z"}
{"level":"info","message":"Cantidad del producto con ID 667f1b3a877f4172e11e00e0 reducida en el carrito con ID 667df4fce16135a87bb44e43","timestamp":"2024-08-18T18:29:42.896Z"}
{"level":"info","message":"Cantidad del producto con ID 667f1b3a877f4172e11e00e0 reducida en el carrito con ID 667df4fce16135a87bb44e43","timestamp":"2024-08-18T18:29:44.178Z"}
{"level":"info","message":"Cantidad del producto con ID 667f1b3a877f4172e11e00e0 reducida en el carrito con ID 667df4fce16135a87bb44e43","timestamp":"2024-08-18T18:29:45.377Z"}
{"cid":"667df4fce16135a87bb44e43","level":"info","message":"Solicitud recibida para obtener carrito","timestamp":"2024-08-18T18:29:46.722Z"}
{"cid":"667df4fce16135a87bb44e43","level":"info","message":"Carrito encontrado y productos obtenidos","productCount":1,"timestamp":"2024-08-18T18:29:47.274Z"}
{"level":"info","message":"Cantidad del producto con ID 667f1b3a877f4172e11e00e0 reducida en el carrito con ID 667df4fce16135a87bb44e43","timestamp":"2024-08-18T18:29:49.737Z"}
{"level":"info","message":"Cantidad del producto con ID 667f1b3a877f4172e11e00e0 reducida en el carrito con ID 667df4fce16135a87bb44e43","timestamp":"2024-08-18T18:29:51.102Z"}
{"level":"info","message":"Cantidad del producto con ID 667f1b3a877f4172e11e00e0 reducida en el carrito con ID 667df4fce16135a87bb44e43","timestamp":"2024-08-18T18:29:52.614Z"}
{"level":"warn","message":"El carrito con ID 667df4fce16135a87bb44e43 está vacío. No hay productos para borrar.","timestamp":"2024-08-18T18:29:52.907Z"}
{"level":"info","message":"Página de inicio cargada con éxito","timestamp":"2024-08-18T18:29:54.195Z","usuario":"lili@lili"}
{"cid":"667df4fce16135a87bb44e43","level":"info","message":"Solicitud recibida para obtener carrito","timestamp":"2024-08-18T18:29:56.047Z"}
{"cid":"667df4fce16135a87bb44e43","level":"info","message":"Carrito encontrado y productos obtenidos","productCount":0,"timestamp":"2024-08-18T18:29:56.327Z"}
{"level":"info","message":"Página de inicio cargada con éxito","timestamp":"2024-08-18T18:29:57.365Z","usuario":"lili@lili"}
{"level":"info","message":"Producto añadido al carrito: 667f1b3a877f4172e11e00e0","timestamp":"2024-08-18T18:29:59.619Z"}
{"level":"info","message":"Producto con stock suficiente añadido: id=667f1b3a877f4172e11e00e0, cantidad=1","timestamp":"2024-08-18T18:30:07.665Z"}
{"level":"info","message":"Productos para facturar: [{\"product\":{\"owner\":\"admin\",\"_id\":\"667f1b3a877f4172e11e00e0\",\"title\":\"Camara Logic\",\"description\":\"HD 1080p\",\"price\":900000,\"stock\":1,\"thumbnail\":\"https://i.ibb.co/wJpjZ94/camaraHD.png\",\"code\":\"asc3\",\"category\":\"Accesorios PC\",\"status\":true,\"__v\":0},\"quantity\":1,\"_id\":\"66c23da7592b5c250c031f7f\"}]","timestamp":"2024-08-18T18:30:07.665Z"}
{"level":"info","message":"Productos sin stock restantes: []","timestamp":"2024-08-18T18:30:07.666Z"}
{"level":"info","message":"Datos de compra: {\"purchaser\":\"lili@lili\",\"code\":64984,\"amount\":900000,\"products\":[{\"product\":\"667f1b3a877f4172e11e00e0\",\"quantity\":1}],\"purchase_datetime\":1724005807931}","timestamp":"2024-08-18T18:30:10.427Z"}
{"level":"info","message":"Ticket creado: {\"code\":\"64984\",\"amount\":900000,\"purchaser\":\"lili@lili\",\"products\":[{\"product\":\"667f1b3a877f4172e11e00e0\",\"quantity\":1}],\"_id\":\"66c23db2592b5c250c031f87\",\"purchase_dateTime\":\"2024-08-18T18:30:10.429Z\",\"createdAt\":\"2024-08-18T18:30:10.429Z\",\"updatedAt\":\"2024-08-18T18:30:10.429Z\",\"__v\":0}","timestamp":"2024-08-18T18:30:10.710Z"}
{"level":"info","message":"Página de inicio cargada con éxito","timestamp":"2024-08-18T18:30:19.423Z","usuario":"lili@lili"}
{"level":"info","message":"Producto añadido al carrito: 667f1b3a877f4172e11e00e0","timestamp":"2024-08-18T18:30:27.305Z"}
{"level":"info","message":"Página de inicio cargada con éxito","timestamp":"2024-08-18T18:30:31.524Z","usuario":"lili@lili"}
{"level":"info","message":"Página de inicio cargada con éxito","timestamp":"2024-08-18T18:30:33.247Z","usuario":"lili@lili"}
{"cid":"667df4fce16135a87bb44e43","level":"info","message":"Solicitud recibida para obtener carrito","timestamp":"2024-08-18T18:30:36.433Z"}
{"cid":"667df4fce16135a87bb44e43","level":"info","message":"Carrito encontrado y productos obtenidos","productCount":1,"timestamp":"2024-08-18T18:30:36.979Z"}
{"level":"info","message":"Página de inicio cargada con éxito","timestamp":"2024-08-18T18:30:41.126Z","usuario":"lili@lili"}
{"level":"info","message":"Producto añadido al carrito: 667f1b3a877f4172e11e00e0","timestamp":"2024-08-18T18:30:42.931Z"}
{"cid":"667df4fce16135a87bb44e43","level":"info","message":"Solicitud recibida para obtener carrito","timestamp":"2024-08-18T18:30:44.819Z"}
{"cid":"667df4fce16135a87bb44e43","level":"info","message":"Carrito encontrado y productos obtenidos","productCount":1,"timestamp":"2024-08-18T18:30:45.359Z"}
{"level":"info","message":"Página de inicio cargada con éxito","timestamp":"2024-08-18T18:30:47.093Z","usuario":"lili@lili"}
{"level":"warn","message":"Producto sin stock suficiente añadido: id=667f1b3a877f4172e11e00e0, cantidad=2","timestamp":"2024-08-18T18:30:56.680Z"}
{"level":"warn","message":"Compra abortada: no hay productos con stock suficiente","timestamp":"2024-08-18T18:30:56.680Z"}
{"level":"info","message":"Server corriendo en http://localhost:8080","timestamp":"2024-08-18T18:47:18.463Z"}
{"level":"info","message":"Conectado a la base de datos de MongoDB","timestamp":"2024-08-18T18:47:21.141Z"}
{"level":"info","message":"Acceso a la ruta de login","timestamp":"2024-08-18T18:47:36.804Z"}
{"level":"info","message":"Intento de inicio de sesión para el usuario lili@lili","timestamp":"2024-08-18T18:47:43.022Z"}
{"level":"info","message":"Usuario lili@lili autenticado con éxito","timestamp":"2024-08-18T18:47:43.632Z"}
{"level":"info","message":"Página de inicio cargada con éxito","timestamp":"2024-08-18T18:47:43.908Z","usuario":"lili@lili"}
{"level":"warn","message":"El producto con id 667f1b3a877f4172e11e00e0 no tiene stock disponible","timestamp":"2024-08-18T18:47:47.131Z"}
{"level":"warn","message":"El producto con id 667f1b3a877f4172e11e00e0 no tiene stock disponible","timestamp":"2024-08-18T18:47:48.486Z"}
{"level":"warn","message":"El producto con id 667f1b3a877f4172e11e00e0 no tiene stock disponible","timestamp":"2024-08-18T18:47:48.700Z"}
{"level":"warn","message":"El producto con id 667f1b3a877f4172e11e00e0 no tiene stock disponible","timestamp":"2024-08-18T18:47:48.928Z"}
{"level":"warn","message":"El producto con id 667f1b3a877f4172e11e00e0 no tiene stock disponible","timestamp":"2024-08-18T18:47:49.115Z"}
{"level":"warn","message":"El producto con id 667f1b3a877f4172e11e00e0 no tiene stock disponible","timestamp":"2024-08-18T18:47:49.271Z"}
{"level":"info","message":"Server corriendo en http://localhost:8080","timestamp":"2024-08-18T18:54:43.479Z"}
{"level":"info","message":"Conectado a la base de datos de MongoDB","timestamp":"2024-08-18T18:54:45.946Z"}
{"level":"info","message":"Producto añadido al carrito: 667f1d7a877f4172e11e0105","timestamp":"2024-08-18T18:54:48.239Z"}
{"level":"warn","message":"El producto con id 667f1b3a877f4172e11e00e0 no tiene stock disponible","timestamp":"2024-08-18T18:54:52.479Z"}
{"level":"warn","message":"El producto con id 667f1b3a877f4172e11e00e0 no tiene stock disponible","timestamp":"2024-08-18T18:54:58.012Z"}
{"level":"info","message":"Producto añadido al carrito: 66806d4017f0cfa2181474e1","timestamp":"2024-08-18T18:56:18.913Z"}
{"level":"info","message":"Server corriendo en http://localhost:8080","timestamp":"2024-08-18T18:57:48.693Z"}
{"level":"info","message":"Conectado a la base de datos de MongoDB","timestamp":"2024-08-18T18:57:51.217Z"}
{"cid":"667df4fce16135a87bb44e43","level":"info","message":"Solicitud recibida para obtener carrito","timestamp":"2024-08-18T18:58:08.179Z"}
{"cid":"667df4fce16135a87bb44e43","level":"info","message":"Carrito encontrado y productos obtenidos","productCount":3,"timestamp":"2024-08-18T18:58:08.729Z"}
{"level":"info","message":"Página de inicio cargada con éxito","timestamp":"2024-08-18T18:58:10.587Z","usuario":"lili@lili"}
{"level":"info","message":"Producto añadido al carrito: 66806d4017f0cfa2181474e1","timestamp":"2024-08-18T18:58:12.242Z"}
{"cid":"667df4fce16135a87bb44e43","level":"info","message":"Solicitud recibida para obtener carrito","timestamp":"2024-08-18T18:58:17.730Z"}
{"cid":"667df4fce16135a87bb44e43","level":"info","message":"Carrito encontrado y productos obtenidos","productCount":3,"timestamp":"2024-08-18T18:58:18.250Z"}
{"level":"info","message":"Página de inicio cargada con éxito","timestamp":"2024-08-18T18:58:19.778Z","usuario":"lili@lili"}
{"level":"warn","message":"El producto con id 667f1b3a877f4172e11e00e0 no tiene stock disponible","timestamp":"2024-08-18T18:58:21.468Z"}
{"level":"info","message":"Server corriendo en http://localhost:8080","timestamp":"2024-08-18T18:59:25.143Z"}
{"level":"info","message":"Conectado a la base de datos de MongoDB","timestamp":"2024-08-18T18:59:27.723Z"}
{"cid":"667df4fce16135a87bb44e43","level":"info","message":"Solicitud recibida para obtener carrito","timestamp":"2024-08-18T19:02:49.485Z"}
{"cid":"667df4fce16135a87bb44e43","level":"info","message":"Carrito encontrado y productos obtenidos","productCount":3,"timestamp":"2024-08-18T19:02:50.102Z"}
{"level":"info","message":"Página de inicio cargada con éxito","timestamp":"2024-08-18T19:02:52.583Z","usuario":"lili@lili"}
{"level":"warn","message":"El producto con id 667f1b3a877f4172e11e00e0 no tiene stock disponible","timestamp":"2024-08-18T19:02:53.986Z"}
{"cid":"667df4fce16135a87bb44e43","level":"info","message":"Solicitud recibida para obtener carrito","timestamp":"2024-08-18T19:02:56.529Z"}
{"cid":"667df4fce16135a87bb44e43","level":"info","message":"Carrito encontrado y productos obtenidos","productCount":3,"timestamp":"2024-08-18T19:02:57.179Z"}
{"level":"info","message":"Intento de inicio de sesión para el usuario lili@lili","timestamp":"2024-08-18T19:03:10.206Z"}
{"level":"info","message":"Usuario lili@lili autenticado con éxito","timestamp":"2024-08-18T19:03:10.807Z"}
{"level":"warn","message":"Producto sin stock suficiente añadido: id=667f1b3a877f4172e11e00e0, cantidad=2","timestamp":"2024-08-18T19:03:13.638Z"}
{"level":"info","message":"Producto con stock suficiente añadido: id=667f1d7a877f4172e11e0105, cantidad=1","timestamp":"2024-08-18T19:03:14.194Z"}
{"level":"info","message":"Producto con stock suficiente añadido: id=66806d4017f0cfa2181474e1, cantidad=2","timestamp":"2024-08-18T19:03:14.740Z"}
{"level":"info","message":"Productos para facturar: [{\"product\":{\"owner\":\"admin\",\"_id\":\"667f1d7a877f4172e11e0105\",\"title\":\"Notebook Samsung\",\"description\":\"15\\\" pulgadas, 16RAM, 250GB SSD\",\"price\":1220000,\"stock\":4994,\"thumbnail\":\"https://i.ibb.co/Np2B6Sy/nootbook.png\",\"code\":\"tec1\",\"category\":\"Tecnologia\",\"status\":true,\"__v\":0},\"quantity\":1,\"_id\":\"66c243783411c5ed6c3e4ea4\"},{\"product\":{\"owner\":\"admin\",\"_id\":\"66806d4017f0cfa2181474e1\",\"title\":\"Taladro\",\"description\":\"A bateria\",\"price\":33300,\"stock\":22,\"thumbnail\":\"https://i.ibb.co/c8tFm9y/taladro.png\",\"code\":\"as21a\",\"category\":\"herramientas\",\"status\":true,\"__v\":0},\"quantity\":2,\"_id\":\"66c243d23411c5ed6c3e4eae\"}]","timestamp":"2024-08-18T19:03:14.741Z"}
{"level":"info","message":"Productos sin stock restantes: [{\"product\":{\"owner\":\"admin\",\"_id\":\"667f1b3a877f4172e11e00e0\",\"title\":\"Camara Logic\",\"description\":\"HD 1080p\",\"price\":900000,\"stock\":0,\"thumbnail\":\"https://i.ibb.co/wJpjZ94/camaraHD.png\",\"code\":\"asc3\",\"category\":\"Accesorios PC\",\"status\":true,\"__v\":0},\"quantity\":2,\"_id\":\"66c23dc3592b5c250c031f8d\"}]","timestamp":"2024-08-18T19:03:14.741Z"}
{"level":"info","message":"Datos de compra: {\"purchaser\":\"lili@lili\",\"code\":45745,\"amount\":1286600,\"products\":[{\"product\":\"667f1d7a877f4172e11e0105\",\"quantity\":1},{\"product\":\"66806d4017f0cfa2181474e1\",\"quantity\":2}],\"purchase_datetime\":1724007795017}","timestamp":"2024-08-18T19:03:17.122Z"}
{"level":"info","message":"Ticket creado: {\"code\":\"45745\",\"amount\":1286600,\"purchaser\":\"lili@lili\",\"products\":[{\"product\":\"667f1d7a877f4172e11e0105\",\"quantity\":1},{\"product\":\"66806d4017f0cfa2181474e1\",\"quantity\":2}],\"_id\":\"66c2457567c0d5efe5f419e6\",\"purchase_dateTime\":\"2024-08-18T19:03:17.124Z\",\"createdAt\":\"2024-08-18T19:03:17.127Z\",\"updatedAt\":\"2024-08-18T19:03:17.127Z\",\"__v\":0}","timestamp":"2024-08-18T19:03:17.399Z"}
{"cid":"667df4fce16135a87bb44e43","level":"info","message":"Solicitud recibida para obtener carrito","timestamp":"2024-08-18T19:05:15.664Z"}
{"cid":"667df4fce16135a87bb44e43","level":"info","message":"Carrito encontrado y productos obtenidos","productCount":1,"timestamp":"2024-08-18T19:05:16.201Z"}
{"cid":"667df4fce16135a87bb44e43","level":"info","message":"Solicitud recibida para obtener carrito","timestamp":"2024-08-18T19:06:18.965Z"}
{"cid":"667df4fce16135a87bb44e43","level":"info","message":"Carrito encontrado y productos obtenidos","productCount":1,"timestamp":"2024-08-18T19:06:19.498Z"}
{"cid":"667df4fce16135a87bb44e43","level":"info","message":"Solicitud recibida para obtener carrito","timestamp":"2024-08-18T19:06:25.039Z"}
{"cid":"667df4fce16135a87bb44e43","level":"info","message":"Carrito encontrado y productos obtenidos","productCount":1,"timestamp":"2024-08-18T19:06:25.578Z"}
{"level":"info","message":"Página de inicio cargada con éxito","timestamp":"2024-08-18T19:06:27.339Z","usuario":"lili@lili"}
{"cid":"667df4fce16135a87bb44e43","level":"info","message":"Solicitud recibida para obtener carrito","timestamp":"2024-08-18T19:06:28.956Z"}
{"cid":"667df4fce16135a87bb44e43","level":"info","message":"Carrito encontrado y productos obtenidos","productCount":1,"timestamp":"2024-08-18T19:06:29.501Z"}
{"cid":"667df4fce16135a87bb44e43","level":"info","message":"Solicitud recibida para obtener carrito","timestamp":"2024-08-18T19:06:46.781Z"}
{"cid":"667df4fce16135a87bb44e43","level":"info","message":"Carrito encontrado y productos obtenidos","productCount":0,"timestamp":"2024-08-18T19:06:47.053Z"}
{"level":"info","message":"Página de inicio cargada con éxito","timestamp":"2024-08-18T19:06:49.219Z","usuario":"lili@lili"}
{"level":"info","message":"Nuevo carrito creado: 66c2469667c0d5efe5f419f6","timestamp":"2024-08-18T19:08:06.412Z"}
{"level":"info","message":"Carrito con ID 66c2469667c0d5efe5f419f6 eliminado correctamente","timestamp":"2024-08-18T19:08:07.243Z"}
{"level":"warn","message":"Carrito no encontrado: ID 66c2469667c0d5efe5f419f6","timestamp":"2024-08-18T19:08:07.781Z"}
{"level":"info","message":"Nuevo carrito creado: 66c2469767c0d5efe5f419fd","timestamp":"2024-08-18T19:08:08.053Z"}
{"level":"warn","message":"Carrito no encontrado: ID 66c2469667c0d5efe5f419f6","timestamp":"2024-08-18T19:08:08.324Z"}
{"level":"error","message":"Error al intentar obtener el carrito con ID 66c246986bd1f590c615343a","timestamp":"2024-08-18T19:08:08.598Z"}
{"level":"warn","message":"Carrito no encontrado: ID 66c2469667c0d5efe5f419f6","timestamp":"2024-08-18T19:08:08.864Z"}
{"level":"info","message":"Intento de inicio de sesión para el usuario adminCoder@coder.com","timestamp":"2024-08-18T19:08:08.869Z"}
{"level":"info","message":"Usuario adminCoder@coder.com autenticado con éxito","timestamp":"2024-08-18T19:08:09.449Z"}
{"level":"warn","message":"Carrito no encontrado: ID 66c2469667c0d5efe5f419f6","timestamp":"2024-08-18T19:08:09.984Z"}
{"category":"Categoría de ejemplo","code":"PROD1234","description":"Descripción del producto de ejemplo","level":"info","message":"Datos del nuevo producto0o0o0:","owner":"admin","price":100,"status":true,"stock":10,"timestamp":"2024-08-18T19:08:10.252Z","title":"Producto de ejemplo único"}
{"level":"warn","message":"Carrito no encontrado: ID 66c2469667c0d5efe5f419f6","timestamp":"2024-08-18T19:08:11.323Z"}
{"level":"warn","message":"Carrito no encontrado: ID 66c2469667c0d5efe5f419f6","timestamp":"2024-08-18T19:08:12.122Z"}
{"level":"warn","message":"ID de producto inválido","pid":"1234","timestamp":"2024-08-18T19:08:12.126Z"}
{"level":"warn","message":"Carrito no encontrado: ID 66c2469667c0d5efe5f419f6","timestamp":"2024-08-18T19:08:12.661Z"}
{"level":"warn","message":"Carrito no encontrado: ID 66c2469667c0d5efe5f419f6","timestamp":"2024-08-18T19:08:13.445Z"}
{"level":"warn","message":"Carrito no encontrado: ID 66c2469667c0d5efe5f419f6","timestamp":"2024-08-18T19:08:14.507Z"}
{"level":"info","message":"Página de inicio cargada con éxito","timestamp":"2024-08-18T19:09:48.112Z","usuario":"lili@lili"}
{"level":"info","message":"Página de inicio cargada con éxito","timestamp":"2024-08-18T19:09:50.807Z","usuario":"lili@lili"}
{"category":"Indumentaria canina","code":"PROD1234","description":"Para perros hasta 30kg","level":"info","message":"Datos del nuevo producto0o0o0:","owner":"lili@lili","price":100,"status":true,"stock":10,"timestamp":"2024-08-18T19:11:35.064Z","title":"Collar de Perro"}
{"level":"info","message":"Página de inicio cargada con éxito","timestamp":"2024-08-18T19:11:42.408Z","usuario":"lili@lili"}
{"level":"info","message":"Página de inicio cargada con éxito","timestamp":"2024-08-18T19:11:43.884Z","usuario":"lili@lili"}
{"level":"info","message":"Intento de inicio de sesión para el usuario lili@lili","timestamp":"2024-08-18T19:13:47.811Z"}
{"level":"info","message":"Usuario lili@lili autenticado con éxito","timestamp":"2024-08-18T19:13:48.427Z"}
{"level":"info","message":"Página de inicio cargada con éxito","timestamp":"2024-08-18T19:14:59.693Z","usuario":"lili@lili"}
{"level":"info","message":"Server corriendo en http://localhost:8080","timestamp":"2024-08-18T19:17:03.354Z"}
{"level":"info","message":"Conectado a la base de datos de MongoDB","timestamp":"2024-08-18T19:17:05.959Z"}
{"level":"info","message":"Nuevo carrito creado: 66c248b72ff373ee16b596b2","timestamp":"2024-08-18T19:17:11.331Z"}
{"level":"info","message":"Carrito con ID 66c248b72ff373ee16b596b2 eliminado correctamente","timestamp":"2024-08-18T19:17:12.160Z"}
{"level":"warn","message":"Carrito no encontrado: ID 66c248b72ff373ee16b596b2","timestamp":"2024-08-18T19:17:12.695Z"}
{"level":"info","message":"Nuevo carrito creado: 66c248b82ff373ee16b596b9","timestamp":"2024-08-18T19:17:12.973Z"}
{"level":"warn","message":"Carrito no encontrado: ID 66c248b72ff373ee16b596b2","timestamp":"2024-08-18T19:17:13.244Z"}
{"level":"warn","message":"Carrito no encontrado: ID 66c248b72ff373ee16b596b2","timestamp":"2024-08-18T19:17:13.521Z"}
{"level":"warn","message":"Carrito no encontrado: ID 66c248b72ff373ee16b596b2","timestamp":"2024-08-18T19:17:13.790Z"}
{"level":"warn","message":"Carrito no encontrado: ID 66c248b72ff373ee16b596b2","timestamp":"2024-08-18T19:17:14.053Z"}
{"level":"warn","message":"Carrito no encontrado: ID 66c248b72ff373ee16b596b2","timestamp":"2024-08-18T19:17:14.322Z"}
{"level":"info","message":"Intento de inicio de sesión para el usuario adminCoder@coder.com","timestamp":"2024-08-18T19:17:14.337Z"}
{"level":"info","message":"Usuario adminCoder@coder.com autenticado con éxito","timestamp":"2024-08-18T19:17:14.943Z"}
{"level":"warn","message":"Carrito no encontrado: ID 66c248b72ff373ee16b596b2","timestamp":"2024-08-18T19:17:15.472Z"}
{"category":"Categoría de ejemplo","code":"PROD1234","description":"Descripción del producto de ejemplo","level":"info","message":"Datos del nuevo producto0o0o0:","owner":"admin","price":100,"status":true,"stock":10,"timestamp":"2024-08-18T19:17:15.739Z","title":"Producto de ejemplo único"}
{"level":"error","message":"Error al intentar crear nuevo producto: E11000 duplicate key error collection: ecommerce.products index: code_1 dup key: { code: \"PROD1234\" }","timestamp":"2024-08-18T19:17:16.008Z"}
{"level":"warn","message":"Carrito no encontrado: ID 66c248b72ff373ee16b596b2","timestamp":"2024-08-18T19:17:16.274Z"}
{"level":"warn","message":"Carrito no encontrado: ID 66c248b72ff373ee16b596b2","timestamp":"2024-08-18T19:17:16.805Z"}
{"level":"warn","message":"ID de producto inválido","pid":"1234","timestamp":"2024-08-18T19:17:16.809Z"}
{"level":"warn","message":"Carrito no encontrado: ID 66c248b72ff373ee16b596b2","timestamp":"2024-08-18T19:17:17.072Z"}
{"level":"warn","message":"Carrito no encontrado: ID 66c248b72ff373ee16b596b2","timestamp":"2024-08-18T19:17:17.910Z"}
{"level":"warn","message":"Carrito no encontrado: ID 66c248b72ff373ee16b596b2","timestamp":"2024-08-18T19:17:18.952Z"}
{"level":"info","message":"Server corriendo en http://localhost:8080","timestamp":"2024-08-18T19:18:39.131Z"}
{"level":"info","message":"Conectado a la base de datos de MongoDB","timestamp":"2024-08-18T19:18:41.689Z"}
{"level":"info","message":"Nuevo carrito creado: 66c24913cfc37a964b15e4c1","timestamp":"2024-08-18T19:18:43.576Z"}
{"level":"info","message":"Carrito con ID 66c24913cfc37a964b15e4c1 eliminado correctamente","timestamp":"2024-08-18T19:18:44.335Z"}
{"level":"warn","message":"Carrito no encontrado: ID 66c24913cfc37a964b15e4c1","timestamp":"2024-08-18T19:18:44.837Z"}
{"level":"info","message":"Nuevo carrito creado: 66c24914cfc37a964b15e4c8","timestamp":"2024-08-18T19:18:45.085Z"}
{"level":"warn","message":"Carrito no encontrado: ID 66c24913cfc37a964b15e4c1","timestamp":"2024-08-18T19:18:45.345Z"}
{"level":"warn","message":"Carrito no encontrado: ID 66c24913cfc37a964b15e4c1","timestamp":"2024-08-18T19:18:45.606Z"}
{"level":"info","message":"Intento de inicio de sesión para el usuario adminCoder@coder.com","timestamp":"2024-08-18T19:18:45.621Z"}
{"level":"info","message":"Usuario adminCoder@coder.com autenticado con éxito","timestamp":"2024-08-18T19:18:46.169Z"}
{"level":"warn","message":"Carrito no encontrado: ID 66c24913cfc37a964b15e4c1","timestamp":"2024-08-18T19:18:46.674Z"}
{"category":"Categoría de ejemplo","code":"PROD1234","description":"Descripción del producto de ejemplo","level":"info","message":"Datos del nuevo producto0o0o0:","owner":"admin","price":100,"status":true,"stock":10,"timestamp":"2024-08-18T19:18:46.928Z","title":"Producto de ejemplo único"}
{"level":"error","message":"Error al intentar crear nuevo producto: E11000 duplicate key error collection: ecommerce.products index: code_1 dup key: { code: \"PROD1234\" }","timestamp":"2024-08-18T19:18:47.175Z"}
{"level":"warn","message":"Carrito no encontrado: ID 66c24913cfc37a964b15e4c1","timestamp":"2024-08-18T19:18:47.422Z"}
{"level":"warn","message":"Carrito no encontrado: ID 66c24913cfc37a964b15e4c1","timestamp":"2024-08-18T19:18:47.933Z"}
{"level":"warn","message":"ID de producto inválido","pid":"1234","timestamp":"2024-08-18T19:18:47.938Z"}
{"level":"warn","message":"Carrito no encontrado: ID 66c24913cfc37a964b15e4c1","timestamp":"2024-08-18T19:18:48.185Z"}
{"level":"warn","message":"Carrito no encontrado: ID 66c24913cfc37a964b15e4c1","timestamp":"2024-08-18T19:18:48.939Z"}
{"level":"warn","message":"Carrito no encontrado: ID 66c24913cfc37a964b15e4c1","timestamp":"2024-08-18T19:18:49.993Z"}
{"level":"info","message":"Página de inicio cargada con éxito","timestamp":"2024-08-18T19:19:22.104Z","usuario":"lili@lili"}
{"level":"info","message":"Server corriendo en http://localhost:8080","timestamp":"2024-08-18T19:21:45.156Z"}
{"level":"info","message":"Server corriendo en http://localhost:8080","timestamp":"2024-08-18T19:21:47.005Z"}
{"level":"info","message":"Conectado a la base de datos de MongoDB","timestamp":"2024-08-18T19:21:49.562Z"}
{"level":"info","message":"Server corriendo en http://localhost:8080","timestamp":"2024-08-18T19:21:57.702Z"}
{"level":"info","message":"Conectado a la base de datos de MongoDB","timestamp":"2024-08-18T19:22:00.237Z"}
{"level":"info","message":"Nuevo carrito creado: 66c249e0072c2ecb1c8f3051","timestamp":"2024-08-18T19:22:09.257Z"}
{"level":"info","message":"Carrito con ID 66c249e0072c2ecb1c8f3051 eliminado correctamente","timestamp":"2024-08-18T19:22:10.067Z"}
{"level":"warn","message":"Carrito no encontrado: ID 66c249e0072c2ecb1c8f3051","timestamp":"2024-08-18T19:22:10.589Z"}
{"level":"info","message":"Nuevo carrito creado: 66c249e2072c2ecb1c8f3058","timestamp":"2024-08-18T19:22:10.850Z"}
{"level":"warn","message":"Carrito no encontrado: ID 66c249e0072c2ecb1c8f3051","timestamp":"2024-08-18T19:22:11.112Z"}
{"level":"warn","message":"Carrito no encontrado: ID 66c249e0072c2ecb1c8f3051","timestamp":"2024-08-18T19:22:11.381Z"}
{"level":"info","message":"Server corriendo en http://localhost:8080","timestamp":"2024-08-18T19:36:15.103Z"}
{"level":"info","message":"Conectado a la base de datos de MongoDB","timestamp":"2024-08-18T19:36:17.738Z"}
{"level":"info","message":"Nuevo carrito creado: 66c24d33237d56c0812185b8","timestamp":"2024-08-18T19:36:19.633Z"}
{"level":"info","message":"Carrito con ID 66c24d33237d56c0812185b8 eliminado correctamente","timestamp":"2024-08-18T19:36:20.461Z"}
{"level":"warn","message":"Carrito no encontrado: ID 66c24d33237d56c0812185b8","timestamp":"2024-08-18T19:36:21.000Z"}
{"level":"warn","message":"Carrito no encontrado: ID 66c24d33237d56c0812185b8","timestamp":"2024-08-18T19:36:21.276Z"}
{"level":"info","message":"Server corriendo en http://localhost:8080","timestamp":"2024-08-18T19:37:38.456Z"}
{"level":"info","message":"Conectado a la base de datos de MongoDB","timestamp":"2024-08-18T19:37:41.089Z"}
{"level":"info","message":"Intento de inicio de sesión para el usuario lili@lili","timestamp":"2024-08-18T19:38:14.380Z"}
{"level":"info","message":"Usuario lili@lili autenticado con éxito","timestamp":"2024-08-18T19:38:14.969Z"}
{"level":"info","message":"Página de inicio cargada con éxito","timestamp":"2024-08-18T19:39:20.609Z","usuario":"lili@lili"}
{"level":"info","message":"Server corriendo en http://localhost:8080","timestamp":"2024-08-18T19:46:15.789Z"}
{"level":"info","message":"Conectado a la base de datos de MongoDB","timestamp":"2024-08-18T19:46:18.419Z"}
{"level":"info","message":"Server corriendo en http://localhost:8080","timestamp":"2024-08-18T19:46:35.006Z"}
{"level":"info","message":"Conectado a la base de datos de MongoDB","timestamp":"2024-08-18T19:46:37.519Z"}
{"level":"info","message":"Nuevo carrito creado: 66c24f9d32d7fe2190fef0f2","timestamp":"2024-08-18T19:46:38.635Z"}
{"level":"info","message":"Intento de inicio de sesión para el usuario lili@lili","timestamp":"2024-08-18T19:46:38.654Z"}
{"level":"info","message":"Usuario lili@lili autenticado con éxito","timestamp":"2024-08-18T19:46:40.827Z"}
{"level":"info","message":"Server corriendo en http://localhost:8080","timestamp":"2024-08-18T19:46:46.924Z"}
{"level":"info","message":"Conectado a la base de datos de MongoDB","timestamp":"2024-08-18T19:46:49.477Z"}
{"level":"info","message":"Nuevo carrito creado: 66c24fac76fc7b5d85886959","timestamp":"2024-08-18T19:46:52.660Z"}
{"level":"info","message":"Carrito con ID 66c24fac76fc7b5d85886959 eliminado correctamente","timestamp":"2024-08-18T19:46:53.512Z"}
{"level":"warn","message":"Carrito no encontrado: ID 66c24fac76fc7b5d85886959","timestamp":"2024-08-18T19:46:54.051Z"}
{"level":"warn","message":"Carrito no encontrado: ID 66c24fac76fc7b5d85886959","timestamp":"2024-08-18T19:46:54.334Z"}
{"level":"info","message":"Server corriendo en http://localhost:8080","timestamp":"2024-08-18T20:01:07.130Z"}
{"level":"info","message":"Conectado a la base de datos de MongoDB","timestamp":"2024-08-18T20:01:09.728Z"}
{"level":"info","message":"Intento de inicio de sesión para el usuario adminCoder@coder.com","timestamp":"2024-08-18T20:01:10.996Z"}
{"level":"warn","message":"Contraseña incorrecta para el usuario adminCoder@coder.com","timestamp":"2024-08-18T20:01:11.570Z"}
{"level":"info","message":"Server corriendo en http://localhost:8080","timestamp":"2024-08-18T20:02:58.658Z"}
{"level":"info","message":"Conectado a la base de datos de MongoDB","timestamp":"2024-08-18T20:03:01.205Z"}
{"level":"info","message":"Intento de inicio de sesión para el usuario adminCoder@coder.com","timestamp":"2024-08-18T20:03:02.288Z"}
{"level":"warn","message":"Contraseña incorrecta para el usuario adminCoder@coder.com","timestamp":"2024-08-18T20:03:02.959Z"}
{"level":"info","message":"Server corriendo en http://localhost:8080","timestamp":"2024-08-18T20:03:50.782Z"}
{"level":"info","message":"Conectado a la base de datos de MongoDB","timestamp":"2024-08-18T20:03:53.329Z"}
{"level":"info","message":"Intento de inicio de sesión para el usuario adminCoder@coder.com","timestamp":"2024-08-18T20:03:58.441Z"}
{"level":"info","message":"Usuario adminCoder@coder.com autenticado con éxito","timestamp":"2024-08-18T20:03:59.042Z"}
{"level":"info","message":"Nuevo carrito creado: 66c253af79789d6164fd989a","timestamp":"2024-08-18T20:03:59.339Z"}
{"level":"info","message":"Carrito con ID 66c253af79789d6164fd989a eliminado correctamente","timestamp":"2024-08-18T20:04:00.172Z"}
{"level":"warn","message":"Carrito no encontrado: ID 66c253af79789d6164fd989a","timestamp":"2024-08-18T20:04:00.708Z"}
{"level":"error","message":"Carrito inexistente: id 66c253af79789d6164fd989a","timestamp":"2024-08-18T20:04:00.979Z"}
{"level":"warn","message":"Carrito no encontrado: ID 66c253af79789d6164fd989a","timestamp":"2024-08-18T20:04:01.246Z"}
{"level":"info","message":"Server corriendo en http://localhost:8080","timestamp":"2024-08-18T20:05:03.330Z"}
{"level":"info","message":"Intento de inicio de sesión para el usuario adminCoder@coder.com","timestamp":"2024-08-18T20:05:05.053Z"}
{"level":"info","message":"Conectado a la base de datos de MongoDB","timestamp":"2024-08-18T20:05:05.873Z"}
{"level":"info","message":"Usuario adminCoder@coder.com autenticado con éxito","timestamp":"2024-08-18T20:05:07.255Z"}
{"level":"info","message":"Intento de inicio de sesión para el usuario adminCoder@coder.com","timestamp":"2024-08-18T20:05:41.805Z"}
{"level":"info","message":"Usuario adminCoder@coder.com autenticado con éxito","timestamp":"2024-08-18T20:05:42.377Z"}
{"level":"info","message":"Nuevo carrito creado: 66c254164d8ed89813337dd1","timestamp":"2024-08-18T20:05:42.657Z"}
{"level":"info","message":"Carrito con ID 66c254164d8ed89813337dd1 eliminado correctamente","timestamp":"2024-08-18T20:05:43.441Z"}
{"level":"warn","message":"Carrito no encontrado: ID 66c254164d8ed89813337dd1","timestamp":"2024-08-18T20:05:43.982Z"}
{"level":"error","message":"Carrito inexistente: id 66c254164d8ed89813337dd1","timestamp":"2024-08-18T20:05:44.244Z"}
{"level":"warn","message":"Carrito no encontrado: ID 66c254164d8ed89813337dd1","timestamp":"2024-08-18T20:05:44.498Z"}
{"level":"info","message":"Server corriendo en http://localhost:8080","timestamp":"2024-08-18T20:07:23.605Z"}
{"level":"info","message":"Conectado a la base de datos de MongoDB","timestamp":"2024-08-18T20:07:26.190Z"}
{"level":"info","message":"Intento de inicio de sesión para el usuario adminCoder@coder.com","timestamp":"2024-08-18T20:07:26.453Z"}
{"level":"info","message":"Usuario adminCoder@coder.com autenticado con éxito","timestamp":"2024-08-18T20:07:29.169Z"}
{"level":"info","message":"Intento de inicio de sesión para el usuario adminCoder@coder.com","timestamp":"2024-08-18T20:07:37.363Z"}
{"level":"info","message":"Usuario adminCoder@coder.com autenticado con éxito","timestamp":"2024-08-18T20:07:37.925Z"}
{"level":"info","message":"Nuevo carrito creado: 66c254896a4f43ce5bf69de1","timestamp":"2024-08-18T20:07:38.229Z"}
{"level":"info","message":"Carrito con ID 66c254896a4f43ce5bf69de1 eliminado correctamente","timestamp":"2024-08-18T20:07:39.024Z"}
{"level":"warn","message":"Carrito no encontrado: ID 66c254896a4f43ce5bf69de1","timestamp":"2024-08-18T20:07:39.553Z"}
{"level":"error","message":"Carrito inexistente: id 66c254896a4f43ce5bf69de1","timestamp":"2024-08-18T20:07:39.807Z"}
{"level":"warn","message":"Carrito no encontrado: ID 66c254896a4f43ce5bf69de1","timestamp":"2024-08-18T20:07:40.070Z"}
{"level":"info","message":"Nuevo carrito creado: 66c2556d6a4f43ce5bf69dea","timestamp":"2024-08-18T20:11:25.839Z"}
{"level":"info","message":"Intento de inicio de sesión para el usuario adminCoder@coder.com","timestamp":"2024-08-18T20:11:52.861Z"}
{"level":"info","message":"Usuario adminCoder@coder.com autenticado con éxito","timestamp":"2024-08-18T20:11:53.426Z"}
{"level":"info","message":"Nuevo carrito creado: 66c255896a4f43ce5bf69dee","timestamp":"2024-08-18T20:11:53.687Z"}
{"level":"info","message":"Carrito con ID 66c255896a4f43ce5bf69dee eliminado correctamente","timestamp":"2024-08-18T20:11:54.449Z"}
{"level":"warn","message":"Carrito no encontrado: ID 66c255896a4f43ce5bf69dee","timestamp":"2024-08-18T20:11:54.949Z"}
{"level":"error","message":"Carrito inexistente: id 66c255896a4f43ce5bf69dee","timestamp":"2024-08-18T20:11:55.229Z"}
{"level":"warn","message":"Carrito no encontrado: ID 66c255896a4f43ce5bf69dee","timestamp":"2024-08-18T20:11:55.486Z"}
{"level":"info","message":"Server corriendo en http://localhost:8080","timestamp":"2024-08-18T20:13:11.531Z"}
{"level":"info","message":"Conectado a la base de datos de MongoDB","timestamp":"2024-08-18T20:13:14.095Z"}
{"level":"info","message":"Intento de inicio de sesión para el usuario adminCoder@coder.com","timestamp":"2024-08-18T20:13:16.392Z"}
{"level":"info","message":"Usuario adminCoder@coder.com autenticado con éxito","timestamp":"2024-08-18T20:13:16.968Z"}
{"level":"info","message":"Nuevo carrito creado: 66c255dc9d8f5eccbe01cd32","timestamp":"2024-08-18T20:13:17.250Z"}
{"level":"info","message":"Producto añadido al carrito: 667f1b3a877f4172e11e00e0","timestamp":"2024-08-18T20:13:18.316Z"}
{"level":"info","message":"Intento de inicio de sesión para el usuario adminCoder@coder.com","timestamp":"2024-08-18T20:13:31.419Z"}
{"level":"info","message":"Usuario adminCoder@coder.com autenticado con éxito","timestamp":"2024-08-18T20:13:32.004Z"}
{"level":"info","message":"Nuevo carrito creado: 66c255ec9d8f5eccbe01cd3e","timestamp":"2024-08-18T20:13:32.276Z"}
{"level":"info","message":"Producto añadido al carrito: 667f1b3a877f4172e11e00e0","timestamp":"2024-08-18T20:13:33.346Z"}
{"level":"info","message":"Server corriendo en http://localhost:8080","timestamp":"2024-08-18T20:14:50.710Z"}
{"level":"info","message":"Conectado a la base de datos de MongoDB","timestamp":"2024-08-18T20:14:53.258Z"}
{"level":"info","message":"Intento de inicio de sesión para el usuario adminCoder@coder.com","timestamp":"2024-08-18T20:14:55.286Z"}
{"level":"info","message":"Usuario adminCoder@coder.com autenticado con éxito","timestamp":"2024-08-18T20:14:55.848Z"}
{"level":"info","message":"Nuevo carrito creado: 66c2563fb05462b87fa4298b","timestamp":"2024-08-18T20:14:56.127Z"}
{"level":"info","message":"Intento de inicio de sesión para el usuario adminCoder@coder.com","timestamp":"2024-08-18T20:15:53.372Z"}
{"level":"info","message":"Usuario adminCoder@coder.com autenticado con éxito","timestamp":"2024-08-18T20:15:53.948Z"}
{"level":"info","message":"Nuevo carrito creado: 66c25679b05462b87fa42991","timestamp":"2024-08-18T20:15:54.214Z"}
{"level":"info","message":"Intento de inicio de sesión para el usuario adminCoder@coder.com","timestamp":"2024-08-18T20:15:57.963Z"}
{"level":"info","message":"Usuario adminCoder@coder.com autenticado con éxito","timestamp":"2024-08-18T20:15:58.526Z"}
{"level":"info","message":"Nuevo carrito creado: 66c2567eb05462b87fa42997","timestamp":"2024-08-18T20:15:58.808Z"}
{"level":"info","message":"Intento de inicio de sesión para el usuario adminCoder@coder.com","timestamp":"2024-08-18T20:16:03.350Z"}
{"level":"info","message":"Usuario adminCoder@coder.com autenticado con éxito","timestamp":"2024-08-18T20:16:03.908Z"}
{"level":"info","message":"Nuevo carrito creado: 66c25683b05462b87fa4299d","timestamp":"2024-08-18T20:16:04.168Z"}
{"level":"info","message":"Server corriendo en http://localhost:8080","timestamp":"2024-08-18T20:16:08.405Z"}
{"level":"info","message":"Conectado a la base de datos de MongoDB","timestamp":"2024-08-18T20:16:10.859Z"}
{"level":"info","message":"Intento de inicio de sesión para el usuario adminCoder@coder.com","timestamp":"2024-08-18T20:16:11.107Z"}
{"level":"info","message":"Usuario adminCoder@coder.com autenticado con éxito","timestamp":"2024-08-18T20:16:12.461Z"}
{"level":"info","message":"Nuevo carrito creado: 66c2568c4b269052df7be008","timestamp":"2024-08-18T20:16:12.735Z"}
{"level":"info","message":"Server corriendo en http://localhost:8080","timestamp":"2024-08-18T20:23:55.301Z"}
{"level":"info","message":"Conectado a la base de datos de MongoDB","timestamp":"2024-08-18T20:23:57.899Z"}
{"level":"info","message":"Intento de inicio de sesión para el usuario adminCoder@coder.com","timestamp":"2024-08-18T20:24:00.291Z"}
{"level":"info","message":"Usuario adminCoder@coder.com autenticado con éxito","timestamp":"2024-08-18T20:24:00.874Z"}
{"level":"info","message":"Nuevo carrito creado: 66c258609f6896f535593219","timestamp":"2024-08-18T20:24:01.158Z"}
{"level":"info","message":"Producto añadido al carrito: 667f1b3a877f4172e11e00e0","timestamp":"2024-08-18T20:24:01.691Z"}
{"level":"info","message":"Server corriendo en http://localhost:8080","timestamp":"2024-08-18T20:26:45.095Z"}
{"level":"info","message":"Conectado a la base de datos de MongoDB","timestamp":"2024-08-18T20:26:47.653Z"}
{"level":"info","message":"Acceso a la ruta de login","timestamp":"2024-08-18T20:26:52.178Z"}
{"level":"info","message":"Intento de inicio de sesión para el usuario lili@lili","timestamp":"2024-08-18T20:27:03.693Z"}
{"level":"warn","message":"Contraseña incorrecta para el usuario lili@lili","timestamp":"2024-08-18T20:27:04.309Z"}
{"level":"info","message":"Intento de inicio de sesión para el usuario lili@lili","timestamp":"2024-08-18T20:27:11.771Z"}
{"level":"info","message":"Usuario lili@lili autenticado con éxito","timestamp":"2024-08-18T20:27:12.350Z"}
{"level":"info","message":"Página de inicio cargada con éxito","timestamp":"2024-08-18T20:27:12.628Z","usuario":"lili@lili"}
{"level":"info","message":"Server corriendo en http://localhost:8080","timestamp":"2024-08-18T20:32:42.625Z"}
{"level":"info","message":"Conectado a la base de datos de MongoDB","timestamp":"2024-08-18T20:32:45.245Z"}
{"level":"info","message":"Server corriendo en http://localhost:8080","timestamp":"2024-08-18T20:33:48.290Z"}
{"level":"info","message":"Conectado a la base de datos de MongoDB","timestamp":"2024-08-18T20:33:50.800Z"}
{"level":"info","message":"Server corriendo en http://localhost:8080","timestamp":"2024-08-18T20:34:35.445Z"}
{"level":"info","message":"Conectado a la base de datos de MongoDB","timestamp":"2024-08-18T20:34:37.956Z"}
{"level":"info","message":"Intento de inicio de sesión para el usuario adminCoder@coder.com","timestamp":"2024-08-18T20:34:43.066Z"}
{"level":"info","message":"Usuario adminCoder@coder.com autenticado con éxito","timestamp":"2024-08-18T20:34:43.636Z"}
{"level":"info","message":"Nuevo carrito creado: 66c25ae3f975949f8f16d2b4","timestamp":"2024-08-18T20:34:43.932Z"}
{"level":"info","message":"Producto añadido al carrito: 667f1b3a877f4172e11e00e0","timestamp":"2024-08-18T20:34:44.447Z"}
{"level":"info","message":"Carrito con ID 66c25ae3f975949f8f16d2b4 eliminado correctamente","timestamp":"2024-08-18T20:34:46.044Z"}
{"level":"info","message":"LA SESION A SIDO CERRADA.","timestamp":"2024-08-18T20:41:31.967Z"}
{"level":"info","message":"Acceso a la ruta de login","timestamp":"2024-08-18T20:41:31.986Z"}
{"level":"info","message":"Intento de inicio de sesión para el usuario adminCoder@coder.com","timestamp":"2024-08-18T20:41:42.157Z"}
{"level":"info","message":"Usuario adminCoder@coder.com autenticado con éxito","timestamp":"2024-08-18T20:41:42.722Z"}
{"level":"info","message":"Página de inicio cargada con éxito","timestamp":"2024-08-18T20:41:43.006Z","usuario":"adminCoder@coder.com"}
{"level":"info","message":"Intento de inicio de sesión para el usuario adminCoder@coder.com","timestamp":"2024-08-18T21:16:00.853Z"}
{"level":"info","message":"Usuario adminCoder@coder.com autenticado con éxito","timestamp":"2024-08-18T21:16:01.460Z"}
{"level":"info","message":"Nuevo carrito creado: 66c26491f975949f8f16d2c7","timestamp":"2024-08-18T21:16:01.752Z"}
{"level":"info","message":"Producto añadido al carrito: 667f1b3a877f4172e11e00e0","timestamp":"2024-08-18T21:16:02.291Z"}
{"level":"info","message":"Carrito con ID 66c26491f975949f8f16d2c7 eliminado correctamente","timestamp":"2024-08-18T21:16:03.949Z"}
{"level":"info","message":"Server corriendo en http://localhost:8080","timestamp":"2024-08-18T21:16:22.297Z"}
{"level":"info","message":"Conectado a la base de datos de MongoDB","timestamp":"2024-08-18T21:16:24.753Z"}
{"level":"info","message":"Server corriendo en http://localhost:8080","timestamp":"2024-08-18T21:16:34.857Z"}
{"level":"info","message":"Conectado a la base de datos de MongoDB","timestamp":"2024-08-18T21:16:37.341Z"}
{"level":"info","message":"Server corriendo en http://localhost:8080","timestamp":"2024-08-18T21:16:44.237Z"}
{"level":"info","message":"Intento de inicio de sesión para el usuario adminCoder@coder.com","timestamp":"2024-08-18T21:16:46.719Z"}
{"level":"info","message":"Conectado a la base de datos de MongoDB","timestamp":"2024-08-18T21:16:46.770Z"}
{"level":"info","message":"Usuario adminCoder@coder.com autenticado con éxito","timestamp":"2024-08-18T21:16:48.172Z"}
{"level":"info","message":"Nuevo carrito creado: 66c264c0a293abadea366117","timestamp":"2024-08-18T21:16:49.778Z"}
{"level":"info","message":"Server corriendo en http://localhost:8080","timestamp":"2024-08-18T21:16:58.206Z"}
{"level":"info","message":"Intento de inicio de sesión para el usuario adminCoder@coder.com","timestamp":"2024-08-18T21:16:59.772Z"}
{"level":"info","message":"Conectado a la base de datos de MongoDB","timestamp":"2024-08-18T21:17:00.624Z"}
{"level":"info","message":"Usuario adminCoder@coder.com autenticado con éxito","timestamp":"2024-08-18T21:17:01.978Z"}
{"level":"info","message":"Server corriendo en http://localhost:8080","timestamp":"2024-08-18T21:17:17.129Z"}
{"level":"info","message":"Intento de inicio de sesión para el usuario adminCoder@coder.com","timestamp":"2024-08-18T21:17:18.807Z"}
{"level":"info","message":"Conectado a la base de datos de MongoDB","timestamp":"2024-08-18T21:17:19.677Z"}
{"level":"info","message":"Usuario adminCoder@coder.com autenticado con éxito","timestamp":"2024-08-18T21:17:21.070Z"}
{"level":"info","message":"Server corriendo en http://localhost:8080","timestamp":"2024-08-18T21:17:38.478Z"}
{"level":"info","message":"Intento de inicio de sesión para el usuario adminCoder@coder.com","timestamp":"2024-08-18T21:17:40.434Z"}
{"level":"info","message":"Conectado a la base de datos de MongoDB","timestamp":"2024-08-18T21:17:41.030Z"}
{"level":"info","message":"Usuario adminCoder@coder.com autenticado con éxito","timestamp":"2024-08-18T21:17:42.386Z"}
{"level":"info","message":"Nuevo carrito creado: 66c264f612f721f0cd67c52c","timestamp":"2024-08-18T21:17:44.001Z"}
{"level":"info","message":"Intento de inicio de sesión para el usuario adminCoder@coder.com","timestamp":"2024-08-18T21:17:47.615Z"}
{"level":"info","message":"Usuario adminCoder@coder.com autenticado con éxito","timestamp":"2024-08-18T21:17:48.205Z"}
{"level":"info","message":"Nuevo carrito creado: 66c264fc12f721f0cd67c530","timestamp":"2024-08-18T21:17:48.482Z"}
{"level":"info","message":"Producto añadido al carrito: 667f1b3a877f4172e11e00e0","timestamp":"2024-08-18T21:17:49.022Z"}
{"level":"info","message":"Carrito con ID 66c264fc12f721f0cd67c530 eliminado correctamente","timestamp":"2024-08-18T21:17:50.566Z"}
{"level":"info","message":"Server corriendo en http://localhost:8080","timestamp":"2024-08-18T21:18:08.498Z"}
{"level":"info","message":"Intento de inicio de sesión para el usuario adminCoder@coder.com","timestamp":"2024-08-18T21:18:10.272Z"}
{"level":"info","message":"Conectado a la base de datos de MongoDB","timestamp":"2024-08-18T21:18:11.035Z"}
{"level":"info","message":"Usuario adminCoder@coder.com autenticado con éxito","timestamp":"2024-08-18T21:18:12.427Z"}
{"level":"info","message":"Intento de inicio de sesión para el usuario adminCoder@coder.com","timestamp":"2024-08-18T21:18:17.343Z"}
{"level":"info","message":"Usuario adminCoder@coder.com autenticado con éxito","timestamp":"2024-08-18T21:18:17.924Z"}
{"level":"info","message":"Nuevo carrito creado: 66c26519e42a904141730ce4","timestamp":"2024-08-18T21:18:18.197Z"}
{"level":"info","message":"Producto añadido al carrito: 667f1b3a877f4172e11e00e0","timestamp":"2024-08-18T21:18:18.714Z"}
{"level":"info","message":"Nuevo carrito creado: 66c2651be42a904141730cec","timestamp":"2024-08-18T21:18:19.755Z"}
{"level":"info","message":"Carrito con ID 66c26519e42a904141730ce4 eliminado correctamente","timestamp":"2024-08-18T21:18:20.519Z"}
{"level":"info","message":"Server corriendo en http://localhost:8080","timestamp":"2024-08-18T21:18:36.239Z"}
{"level":"info","message":"Intento de inicio de sesión para el usuario adminCoder@coder.com","timestamp":"2024-08-18T21:18:37.863Z"}
{"level":"info","message":"Conectado a la base de datos de MongoDB","timestamp":"2024-08-18T21:18:38.780Z"}
{"level":"info","message":"Usuario adminCoder@coder.com autenticado con éxito","timestamp":"2024-08-18T21:18:40.252Z"}
{"level":"info","message":"Intento de inicio de sesión para el usuario adminCoder@coder.com","timestamp":"2024-08-18T21:18:42.933Z"}
{"level":"info","message":"Usuario adminCoder@coder.com autenticado con éxito","timestamp":"2024-08-18T21:18:43.519Z"}
{"level":"info","message":"Nuevo carrito creado: 66c26533ee8c02955dd39671","timestamp":"2024-08-18T21:18:43.803Z"}
{"level":"info","message":"Producto añadido al carrito: 667f1b3a877f4172e11e00e0","timestamp":"2024-08-18T21:18:44.895Z"}
{"level":"info","message":"Nuevo carrito creado: 66c26535ee8c02955dd3967b","timestamp":"2024-08-18T21:18:45.979Z"}
{"level":"info","message":"Carrito con ID 66c26533ee8c02955dd39671 eliminado correctamente","timestamp":"2024-08-18T21:18:46.776Z"}
{"level":"info","message":"Server corriendo en http://localhost:8080","timestamp":"2024-08-18T21:18:56.810Z"}
{"level":"info","message":"Conectado a la base de datos de MongoDB","timestamp":"2024-08-18T21:18:59.392Z"}
{"level":"info","message":"Server corriendo en http://localhost:8080","timestamp":"2024-08-18T21:19:04.383Z"}
{"level":"info","message":"Conectado a la base de datos de MongoDB","timestamp":"2024-08-18T21:19:07.035Z"}
{"level":"info","message":"Intento de inicio de sesión para el usuario adminCoder@coder.com","timestamp":"2024-08-18T21:20:15.226Z"}
{"level":"info","message":"Usuario adminCoder@coder.com autenticado con éxito","timestamp":"2024-08-18T21:20:15.803Z"}
{"level":"info","message":"Nuevo carrito creado: 66c2658fb4e9540f0da0fc42","timestamp":"2024-08-18T21:20:16.076Z"}
{"level":"info","message":"Producto añadido al carrito: 667f1b3a877f4172e11e00e0","timestamp":"2024-08-18T21:20:17.132Z"}
{"level":"info","message":"Nuevo carrito creado: 66c26591b4e9540f0da0fc4c","timestamp":"2024-08-18T21:20:18.221Z"}
{"level":"info","message":"Intento de inicio de sesión para el usuario adminCoder@coder.com","timestamp":"2024-08-18T21:20:18.228Z"}
{"level":"info","message":"Usuario adminCoder@coder.com autenticado con éxito","timestamp":"2024-08-18T21:20:18.810Z"}
{"category":"Categoría de ejemplo","code":"PROD1234","description":"Descripción del producto de ejemplo","level":"info","message":"Datos del nuevo producto0o0o0:","owner":"admin","price":100,"status":true,"stock":10,"timestamp":"2024-08-18T21:20:19.330Z","title":"Producto de ejemplo único"}
{"level":"error","message":"Error al intentar crear nuevo producto: E11000 duplicate key error collection: ecommerce.products index: code_1 dup key: { code: \"PROD1234\" }","timestamp":"2024-08-18T21:20:19.591Z"}
{"level":"warn","message":"ID de producto inválido","pid":"1234","timestamp":"2024-08-18T21:20:19.856Z"}
{"level":"info","message":"Carrito con ID 66c2658fb4e9540f0da0fc42 eliminado correctamente","timestamp":"2024-08-18T21:20:21.960Z"}
{"level":"info","message":"Intento de inicio de sesión para el usuario adminCoder@coder.com","timestamp":"2024-08-18T21:20:35.490Z"}
{"level":"info","message":"Usuario adminCoder@coder.com autenticado con éxito","timestamp":"2024-08-18T21:20:36.079Z"}
{"level":"info","message":"Nuevo carrito creado: 66c265a4b4e9540f0da0fc5d","timestamp":"2024-08-18T21:20:36.347Z"}
{"level":"info","message":"Producto añadido al carrito: 667f1b3a877f4172e11e00e0","timestamp":"2024-08-18T21:20:37.387Z"}
{"level":"info","message":"Nuevo carrito creado: 66c265a6b4e9540f0da0fc67","timestamp":"2024-08-18T21:20:38.412Z"}
{"level":"info","message":"Intento de inicio de sesión para el usuario adminCoder@coder.com","timestamp":"2024-08-18T21:20:38.417Z"}
{"level":"info","message":"Usuario adminCoder@coder.com autenticado con éxito","timestamp":"2024-08-18T21:20:38.992Z"}
{"category":"Categoría de ejemplo","code":"PROD1234","description":"Descripción del producto de ejemplo","level":"info","message":"Datos del nuevo producto0o0o0:","owner":"admin","price":100,"status":true,"stock":10,"timestamp":"2024-08-18T21:20:39.528Z","title":"Producto de ejemplo único"}
{"level":"error","message":"Error al intentar crear nuevo producto: E11000 duplicate key error collection: ecommerce.products index: code_1 dup key: { code: \"PROD1234\" }","timestamp":"2024-08-18T21:20:39.777Z"}
{"level":"warn","message":"ID de producto inválido","pid":"1234","timestamp":"2024-08-18T21:20:40.042Z"}
{"level":"info","message":"Carrito con ID 66c265a4b4e9540f0da0fc5d eliminado correctamente","timestamp":"2024-08-18T21:20:42.222Z"}
{"level":"info","message":"Server corriendo en http://localhost:8080","timestamp":"2024-08-18T21:20:48.609Z"}
{"level":"info","message":"Conectado a la base de datos de MongoDB","timestamp":"2024-08-18T21:20:51.095Z"}
{"level":"info","message":"Server corriendo en http://localhost:8080","timestamp":"2024-08-18T21:22:10.936Z"}
{"level":"info","message":"Conectado a la base de datos de MongoDB","timestamp":"2024-08-18T21:22:13.579Z"}
{"level":"info","message":"Intento de inicio de sesión para el usuario adminCoder@coder.com","timestamp":"2024-08-18T21:22:13.863Z"}
{"level":"info","message":"Usuario adminCoder@coder.com autenticado con éxito","timestamp":"2024-08-18T21:22:16.620Z"}
{"level":"info","message":"Intento de inicio de sesión para el usuario adminCoder@coder.com","timestamp":"2024-08-18T21:22:20.102Z"}
{"level":"info","message":"Usuario adminCoder@coder.com autenticado con éxito","timestamp":"2024-08-18T21:22:20.713Z"}
{"level":"info","message":"Nuevo carrito creado: 66c2660caec912cf0c875fa9","timestamp":"2024-08-18T21:22:21.022Z"}
{"level":"info","message":"Producto añadido al carrito: 667f1b3a877f4172e11e00e0","timestamp":"2024-08-18T21:22:22.136Z"}
{"level":"info","message":"Nuevo carrito creado: 66c2660eaec912cf0c875fb3","timestamp":"2024-08-18T21:22:23.208Z"}
{"level":"info","message":"Intento de inicio de sesión para el usuario adminCoder@coder.com","timestamp":"2024-08-18T21:22:23.213Z"}
{"level":"info","message":"Usuario adminCoder@coder.com autenticado con éxito","timestamp":"2024-08-18T21:22:23.787Z"}
{"category":"Categoría de ejemplo","code":"PROD1234","description":"Descripción del producto de ejemplo","level":"info","message":"Datos del nuevo producto0o0o0:","owner":"admin","price":100,"status":true,"stock":10,"timestamp":"2024-08-18T21:22:24.334Z","title":"Producto de ejemplo único"}
{"level":"error","message":"Error al intentar crear nuevo producto: E11000 duplicate key error collection: ecommerce.products index: code_1 dup key: { code: \"PROD1234\" }","timestamp":"2024-08-18T21:22:24.593Z"}
{"level":"warn","message":"ID de producto inválido","pid":"1234","timestamp":"2024-08-18T21:22:24.868Z"}
{"level":"info","message":"Carrito con ID 66c2660caec912cf0c875fa9 eliminado correctamente","timestamp":"2024-08-18T21:22:26.949Z"}
{"level":"info","message":"Server corriendo en http://localhost:8080","timestamp":"2024-08-18T21:23:51.387Z"}
{"level":"info","message":"Conectado a la base de datos de MongoDB","timestamp":"2024-08-18T21:23:53.999Z"}
{"level":"info","message":"Intento de inicio de sesión para el usuario adminCoder@coder.com","timestamp":"2024-08-18T21:23:55.153Z"}
{"level":"info","message":"Usuario adminCoder@coder.com autenticado con éxito","timestamp":"2024-08-18T21:23:57.360Z"}
{"level":"info","message":"Intento de inicio de sesión para el usuario adminCoder@coder.com","timestamp":"2024-08-18T21:24:01.324Z"}
{"level":"info","message":"Usuario adminCoder@coder.com autenticado con éxito","timestamp":"2024-08-18T21:24:01.915Z"}
{"level":"info","message":"Nuevo carrito creado: 66c26671f3be9338a20be513","timestamp":"2024-08-18T21:24:02.200Z"}
{"level":"info","message":"Producto añadido al carrito: 667f1b3a877f4172e11e00e0","timestamp":"2024-08-18T21:24:03.295Z"}
{"level":"info","message":"Nuevo carrito creado: 66c26674f3be9338a20be51d","timestamp":"2024-08-18T21:24:04.394Z"}
{"level":"info","message":"Intento de inicio de sesión para el usuario adminCoder@coder.com","timestamp":"2024-08-18T21:24:04.400Z"}
{"level":"info","message":"Usuario adminCoder@coder.com autenticado con éxito","timestamp":"2024-08-18T21:24:05.011Z"}
{"category":"Categoría de ejemplo","code":"PROD1724016245286","description":"Descripción del producto de ejemplo","level":"info","message":"Datos del nuevo producto0o0o0:","owner":"admin","price":100,"stock":10,"timestamp":"2024-08-18T21:24:05.553Z","title":"Producto de ejemplo simple"}
{"level":"warn","message":"ID de producto inválido","pid":"1234","timestamp":"2024-08-18T21:24:06.097Z"}
{"level":"info","message":"Carrito con ID 66c26671f3be9338a20be513 eliminado correctamente","timestamp":"2024-08-18T21:24:08.289Z"}
{"level":"info","message":"Server corriendo en http://localhost:8080","timestamp":"2024-08-18T21:25:51.344Z"}
{"level":"info","message":"Conectado a la base de datos de MongoDB","timestamp":"2024-08-18T21:25:53.958Z"}
{"level":"info","message":"Intento de inicio de sesión para el usuario adminCoder@coder.com","timestamp":"2024-08-18T21:25:54.253Z"}
{"level":"info","message":"Usuario adminCoder@coder.com autenticado con éxito","timestamp":"2024-08-18T21:25:55.661Z"}
{"level":"info","message":"Nuevo carrito creado: 66c266e311586e42c8eaf345","timestamp":"2024-08-18T21:25:55.946Z"}
{"level":"info","message":"Producto añadido al carrito: 667f1b3a877f4172e11e00e0","timestamp":"2024-08-18T21:25:57.044Z"}
{"level":"info","message":"Nuevo carrito creado: 66c266e511586e42c8eaf34f","timestamp":"2024-08-18T21:25:58.133Z"}
{"level":"info","message":"Intento de inicio de sesión para el usuario adminCoder@coder.com","timestamp":"2024-08-18T21:25:58.140Z"}
{"level":"info","message":"Usuario adminCoder@coder.com autenticado con éxito","timestamp":"2024-08-18T21:25:58.714Z"}
{"level":"warn","message":"Ya existe un producto con el mismo título","timestamp":"2024-08-18T21:25:59.277Z","title":"Producto de ejemplo simple"}
{"level":"warn","message":"ID de producto inválido","pid":"1234","timestamp":"2024-08-18T21:25:59.590Z"}
{"level":"info","message":"Carrito con ID 66c266e311586e42c8eaf345 eliminado correctamente","timestamp":"2024-08-18T21:26:01.746Z"}
