{"level":"info","message":"Server corriendo en http://localhost:8080","timestamp":"2024-11-16T14:03:36.070Z"}
{"level":"info","message":"Conectado a la base de datos de MongoDB","timestamp":"2024-11-16T14:03:38.748Z"}
{"cid":"[object Object]","level":"info","message":"Solicitud recibida para obtener carrito","timestamp":"2024-11-16T14:03:44.323Z"}
{"cid":"[object Object]","error":"Cast to ObjectId failed for value \"[object Object]\" (type string) at path \"_id\" for model \"carts\"","level":"error","message":"Error al obtener el carrito","timestamp":"2024-11-16T14:03:44.328Z"}
{"level":"info","message":"Acceso a la ruta de login","timestamp":"2024-11-16T14:03:48.275Z"}
{"level":"info","message":"Intento de inicio de sesión para el usuario juan@juan","timestamp":"2024-11-16T14:03:56.111Z"}
{"level":"warn","message":"Usuario juan@juan no encontrado","timestamp":"2024-11-16T14:03:56.381Z"}
{"level":"info","message":"Intento de inicio de sesión para el usuario lolo@lolo","timestamp":"2024-11-16T14:05:16.475Z"}
{"level":"info","message":"Usuario lolo@lolo autenticado con éxito","timestamp":"2024-11-16T14:05:17.088Z"}
{"level":"info","message":"Página de inicio cargada con éxito","timestamp":"2024-11-16T14:05:17.661Z","usuario":"lolo@lolo"}
{"cid":"66d64a4031f90369cb50c65a","level":"info","message":"Solicitud recibida para obtener carrito","timestamp":"2024-11-16T14:05:20.499Z"}
{"cid":"66d64a4031f90369cb50c65a","level":"info","message":"ID del carrito que se pasa a la vista como string:","timestamp":"2024-11-16T14:05:20.768Z"}
{"cid":"66d64a4031f90369cb50c65a","level":"info","message":"Carrito encontrado y productos obtenidos","productCount":0,"timestamp":"2024-11-16T14:05:20.769Z"}
{"level":"info","message":"Página de inicio cargada con éxito","timestamp":"2024-11-16T14:05:22.726Z","usuario":"lolo@lolo"}
{"level":"info","message":"Producto añadido al carrito: 66c7d93b301cfedea1b2dcaf","timestamp":"2024-11-16T14:05:24.358Z"}
{"cid":"66d64a4031f90369cb50c65a","level":"info","message":"Solicitud recibida para obtener carrito","timestamp":"2024-11-16T14:05:28.400Z"}
{"cid":"66d64a4031f90369cb50c65a","level":"info","message":"ID del carrito que se pasa a la vista como string:","timestamp":"2024-11-16T14:05:28.941Z"}
{"cid":"66d64a4031f90369cb50c65a","level":"info","message":"Carrito encontrado y productos obtenidos","productCount":1,"timestamp":"2024-11-16T14:05:28.941Z"}
{"level":"info","message":"Producto con stock suficiente añadido: id=66c7d93b301cfedea1b2dcaf, cantidad=1","timestamp":"2024-11-16T14:05:31.795Z"}
{"level":"info","message":"Productos para facturar: [{\"product\":{\"_id\":\"66c7d93b301cfedea1b2dcaf\",\"title\":\"Collar de Perro\",\"description\":\"Para perros hasta 30kg\",\"price\":100,\"stock\":9,\"code\":\"PROD1234\",\"category\":\"Indumentaria canina\",\"status\":true,\"owner\":\"lili@lili\",\"__v\":0,\"thumbnail\":\"https://i.ibb.co/V2qqcLX/collar-De-Perro.png\"},\"quantity\":1,\"_id\":\"6738a6a46845e2c93ebdf882\"}]","timestamp":"2024-11-16T14:05:31.796Z"}
{"level":"info","message":"Productos sin stock restantes: []","timestamp":"2024-11-16T14:05:31.797Z"}
{"level":"info","message":"Correo de ticket de compra enviado exitosamente","resultado":{"accepted":["juanbalugano@gmail.com"],"ehlo":["SIZE 35882577","8BITMIME","AUTH LOGIN PLAIN XOAUTH2 PLAIN-CLIENTTOKEN OAUTHBEARER XOAUTH","ENHANCEDSTATUSCODES","PIPELINING","CHUNKING","SMTPUTF8"],"envelope":{"from":"juanbalugano@gmail.com","to":["juanbalugano@gmail.com"]},"envelopeTime":661,"messageId":"<d2a46335-34f5-6f2c-696d-d34b5a5c5733@gmail.com>","messageSize":399,"messageTime":720,"rejected":[],"response":"250 2.0.0 OK  1731765933 d9443c01a7336-211d0ec908fsm28154985ad.93 - gsmtp"},"timestamp":"2024-11-16T14:05:34.505Z"}
{"level":"info","message":"Datos de compra: {\"purchaser\":\"lolo@lolo\",\"code\":53142,\"amount\":100,\"products\":[{\"product\":\"66c7d93b301cfedea1b2dcaf\",\"quantity\":1}],\"purchase_datetime\":1731765932068}","timestamp":"2024-11-16T14:05:34.506Z"}
{"level":"info","message":"Ticket creado: {\"code\":\"53142\",\"amount\":100,\"purchaser\":\"lolo@lolo\",\"products\":[{\"product\":\"66c7d93b301cfedea1b2dcaf\",\"quantity\":1}],\"_id\":\"6738a6ae6845e2c93ebdf88c\",\"purchase_dateTime\":\"2024-11-16T14:05:34.508Z\",\"createdAt\":\"2024-11-16T14:05:34.511Z\",\"updatedAt\":\"2024-11-16T14:05:34.511Z\",\"__v\":0}","timestamp":"2024-11-16T14:05:34.807Z"}
{"level":"info","message":"Página de inicio cargada con éxito","timestamp":"2024-11-16T14:11:34.084Z","usuario":"lolo@lolo"}
{"level":"info","message":"Página de inicio cargada con éxito","timestamp":"2024-11-16T14:11:36.404Z","usuario":"lolo@lolo"}
{"level":"info","message":"Página de inicio cargada con éxito","timestamp":"2024-11-16T14:11:39.161Z","usuario":"lolo@lolo"}
{"level":"info","message":"Página de inicio cargada con éxito","timestamp":"2024-11-16T14:11:40.701Z","usuario":"lolo@lolo"}
{"level":"info","message":"Acceso a la ruta de perfil para el usuario lolo@lolo","timestamp":"2024-11-16T14:11:41.315Z"}
{"level":"info","message":"Página de inicio cargada con éxito","timestamp":"2024-11-16T14:11:43.189Z","usuario":"lolo@lolo"}
{"level":"info","message":"Server corriendo en http://localhost:8080","timestamp":"2024-11-16T14:24:24.773Z"}
{"level":"info","message":"Conectado a la base de datos de MongoDB","timestamp":"2024-11-16T14:24:27.342Z"}
{"level":"info","message":"Server corriendo en http://localhost:8080","timestamp":"2024-11-16T14:49:30.539Z"}
{"level":"info","message":"Conectado a la base de datos de MongoDB","timestamp":"2024-11-16T14:49:32.944Z"}
{"level":"info","message":"Server corriendo en http://localhost:8080","timestamp":"2024-11-16T15:11:46.348Z"}
{"level":"info","message":"Conectado a la base de datos de MongoDB","timestamp":"2024-11-16T15:11:48.933Z"}
{"level":"info","message":"Server corriendo en http://localhost:8080","timestamp":"2024-11-16T15:15:41.698Z"}
{"level":"info","message":"Conectado a la base de datos de MongoDB","timestamp":"2024-11-16T15:15:44.283Z"}
{"level":"info","message":"Acceso a la ruta de login","timestamp":"2024-11-16T15:17:35.452Z"}
{"level":"info","message":"Server corriendo en http://localhost:8080","timestamp":"2024-11-16T15:19:17.685Z"}
{"level":"info","message":"Conectado a la base de datos de MongoDB","timestamp":"2024-11-16T15:19:20.147Z"}
{"level":"info","message":"Server corriendo en http://localhost:8080","timestamp":"2024-11-16T15:19:38.507Z"}
{"level":"info","message":"Conectado a la base de datos de MongoDB","timestamp":"2024-11-16T15:19:41.016Z"}
{"level":"info","message":"Acceso a la ruta de login","timestamp":"2024-11-16T15:19:46.714Z"}
{"level":"info","message":"Server corriendo en http://localhost:8080","timestamp":"2024-11-16T15:20:22.882Z"}
{"level":"info","message":"Conectado a la base de datos de MongoDB","timestamp":"2024-11-16T15:20:25.397Z"}
{"level":"info","message":"Server corriendo en http://localhost:8080","timestamp":"2024-11-16T15:20:48.910Z"}
{"level":"info","message":"Conectado a la base de datos de MongoDB","timestamp":"2024-11-16T15:20:51.456Z"}
{"level":"info","message":"Acceso a la ruta de login","timestamp":"2024-11-16T15:20:52.109Z"}
{"level":"info","message":"Server corriendo en http://localhost:8080","timestamp":"2024-11-16T15:21:12.953Z"}
{"level":"info","message":"Intento de inicio de sesión para el usuario lolo@lolo","timestamp":"2024-11-16T15:21:14.122Z"}
{"level":"info","message":"Conectado a la base de datos de MongoDB","timestamp":"2024-11-16T15:21:15.531Z"}
{"level":"info","message":"Usuario lolo@lolo autenticado con éxito","timestamp":"2024-11-16T15:21:16.972Z"}
{"level":"info","message":"Página de inicio cargada con éxito","timestamp":"2024-11-16T15:21:17.535Z","usuario":"lolo@lolo"}
{"level":"info","message":"Server corriendo en http://localhost:8080","timestamp":"2024-11-16T15:21:46.839Z"}
{"level":"info","message":"Intento de inicio de sesión para el usuario lolo@lolo","timestamp":"2024-11-16T15:21:48.929Z"}
{"level":"info","message":"Conectado a la base de datos de MongoDB","timestamp":"2024-11-16T15:21:49.324Z"}
{"level":"info","message":"Usuario lolo@lolo autenticado con éxito","timestamp":"2024-11-16T15:21:50.704Z"}
{"level":"info","message":"Server corriendo en http://localhost:8080","timestamp":"2024-11-16T15:22:41.338Z"}
{"level":"info","message":"Conectado a la base de datos de MongoDB","timestamp":"2024-11-16T15:22:43.925Z"}
{"level":"info","message":"Página de inicio cargada con éxito","timestamp":"2024-11-16T15:22:45.600Z","usuario":"lolo@lolo"}
{"level":"info","message":"Acceso a la ruta de login","timestamp":"2024-11-16T15:22:50.700Z"}
{"level":"info","message":"se cerro sesion de: lolo lolo","timestamp":"2024-11-16T15:22:50.940Z"}
{"level":"info","message":"LA SESION HA SIDO CERRADA.","timestamp":"2024-11-16T15:22:50.942Z"}
{"level":"info","message":"Intento de inicio de sesión para el usuario lolo@lolo","timestamp":"2024-11-16T15:22:54.638Z"}
{"level":"info","message":"Usuario lolo@lolo autenticado con éxito","timestamp":"2024-11-16T15:22:55.185Z"}
{"level":"info","message":"Página de inicio cargada con éxito","timestamp":"2024-11-16T15:22:55.716Z","usuario":"lolo@lolo"}
{"level":"info","message":"Acceso a la ruta de login","timestamp":"2024-11-16T15:23:01.315Z"}
{"level":"info","message":"se cerro sesion de: lolo lolo","timestamp":"2024-11-16T15:23:01.575Z"}
{"level":"info","message":"LA SESION HA SIDO CERRADA.","timestamp":"2024-11-16T15:23:01.576Z"}
{"level":"info","message":"Acceso a la ruta de registro","timestamp":"2024-11-16T15:23:05.859Z"}
{"level":"info","message":"Acceso a la ruta de login","timestamp":"2024-11-16T15:23:08.011Z"}
{"level":"info","message":"Acceso a la ruta de registro","timestamp":"2024-11-16T15:23:12.421Z"}
{"level":"info","message":"Acceso a la ruta de login","timestamp":"2024-11-16T15:23:13.556Z"}
{"level":"info","message":"Acceso a la ruta de login","timestamp":"2024-11-16T15:23:19.406Z"}
{"level":"info","message":"Intento de inicio de sesión para el usuario lolo@lolo","timestamp":"2024-11-16T15:23:35.607Z"}
{"level":"info","message":"Usuario lolo@lolo autenticado con éxito","timestamp":"2024-11-16T15:23:36.212Z"}
{"level":"info","message":"Página de inicio cargada con éxito","timestamp":"2024-11-16T15:23:36.775Z","usuario":"lolo@lolo"}
{"cid":"66d64a4031f90369cb50c65a","level":"info","message":"Solicitud recibida para obtener carrito","timestamp":"2024-11-16T15:23:39.287Z"}
{"cid":"66d64a4031f90369cb50c65a","level":"info","message":"ID del carrito que se pasa a la vista como string:","timestamp":"2024-11-16T15:23:39.551Z"}
{"cid":"66d64a4031f90369cb50c65a","level":"info","message":"Carrito encontrado y productos obtenidos","productCount":0,"timestamp":"2024-11-16T15:23:39.552Z"}
{"level":"info","message":"Server corriendo en http://localhost:8080","timestamp":"2024-11-16T15:24:56.591Z"}
{"cid":"66d64a4031f90369cb50c65a","level":"info","message":"Solicitud recibida para obtener carrito","timestamp":"2024-11-16T15:24:58.448Z"}
{"level":"info","message":"Conectado a la base de datos de MongoDB","timestamp":"2024-11-16T15:24:59.173Z"}
{"cid":"66d64a4031f90369cb50c65a","level":"info","message":"ID del carrito que se pasa a la vista como string:","timestamp":"2024-11-16T15:24:59.461Z"}
{"cid":"66d64a4031f90369cb50c65a","level":"info","message":"Carrito encontrado y productos obtenidos","productCount":0,"timestamp":"2024-11-16T15:24:59.462Z"}
{"level":"warn","message":"Compra abortada: no hay productos con stock suficiente","timestamp":"2024-11-16T15:25:01.456Z"}
{"level":"info","message":"Página de inicio cargada con éxito","timestamp":"2024-11-16T15:25:03.726Z","usuario":"lolo@lolo"}
{"level":"info","message":"Acceso a la ruta de perfil para el usuario lolo@lolo","timestamp":"2024-11-16T15:27:48.007Z"}
{"level":"info","message":"Página de inicio cargada con éxito","timestamp":"2024-11-16T15:27:52.007Z","usuario":"lolo@lolo"}
{"level":"info","message":"Acceso a la ruta de perfil para el usuario lolo@lolo","timestamp":"2024-11-16T15:27:53.176Z"}
{"level":"info","message":"Página de inicio cargada con éxito","timestamp":"2024-11-16T15:27:54.809Z","usuario":"lolo@lolo"}
{"level":"info","message":"Usuarios inactivos eliminados.","timestamp":"2024-11-16T15:27:56.361Z"}
{"level":"warn","message":"Acceso denegado por rol insuficiente: user","timestamp":"2024-11-16T15:27:56.362Z"}
{"level":"info","message":"Acceso a la ruta de login","timestamp":"2024-11-16T15:29:13.310Z"}
{"level":"info","message":"se cerro sesion de: lolo lolo","timestamp":"2024-11-16T15:29:13.553Z"}
{"level":"info","message":"LA SESION HA SIDO CERRADA.","timestamp":"2024-11-16T15:29:13.554Z"}
{"level":"info","message":"Server corriendo en http://localhost:8080","timestamp":"2024-11-16T15:44:13.066Z"}
{"level":"info","message":"Conectado a la base de datos de MongoDB","timestamp":"2024-11-16T15:44:15.651Z"}
{"level":"info","message":"Acceso a la ruta de login","timestamp":"2024-11-16T16:03:52.299Z"}
{"level":"info","message":"Server corriendo en http://localhost:8080","timestamp":"2024-11-16T16:05:19.976Z"}
{"level":"info","message":"Acceso a la ruta de login","timestamp":"2024-11-16T16:05:20.117Z"}
{"level":"info","message":"Conectado a la base de datos de MongoDB","timestamp":"2024-11-16T16:05:22.554Z"}
{"level":"info","message":"Acceso a la ruta de login","timestamp":"2024-11-16T16:05:23.958Z"}
{"level":"info","message":"Acceso a la ruta de registro","timestamp":"2024-11-16T16:05:26.147Z"}
{"level":"info","message":"Acceso a la ruta de login","timestamp":"2024-11-16T16:05:26.940Z"}
{"level":"info","message":"Acceso a la ruta de registro","timestamp":"2024-11-16T16:05:27.701Z"}
{"level":"info","message":"Acceso a la ruta de login","timestamp":"2024-11-16T16:05:28.213Z"}
